This is pdfTeX, Version 3.14159265-2.6-1.40.18 (TeX Live 2017/W32TeX) (preloaded format=latex 2017.10.2)  7 JAN 2018 15:04
entering extended mode
 restricted \write18 enabled.
 %&-line parsing enabled.
**./andate_per_le_strade.tex
(./andate_per_le_strade.tex
LaTeX2e <2017-04-15>
Babel <3.10> and hyphenation patterns for 84 language(s) loaded.
! Undefined control sequence.
l.13 \beginsong
               {Andate per le strade}[by={Roncari, Capello}] 	% <<< MODIFICA...
The control sequence at the end of the top line
of your error message was never \def'ed. If you have
misspelled it (e.g., `\hobx'), type `I' and the correct
spelling (e.g., `I\hbox'). Otherwise just continue,
and I'll forget about whatever was undefined.


! LaTeX Error: Missing \begin{document}.

See the LaTeX manual or LaTeX Companion for explanation.
Type  H <return>  for immediate help.
 ...                                              
                                                  
l.13 \beginsong{A
                 ndate per le strade}[by={Roncari, Capello}] 	% <<< MODIFICA...

You're in trouble here.  Try typing  <return>  to proceed.
If that doesn't work, type  X <return>  to quit.

Missing character: There is no A in font nullfont!
Missing character: There is no n in font nullfont!
Missing character: There is no d in font nullfont!
Missing character: There is no a in font nullfont!
Missing character: There is no t in font nullfont!
Missing character: There is no e in font nullfont!
Missing character: There is no p in font nullfont!
Missing character: There is no e in font nullfont!
Missing character: There is no r in font nullfont!
Missing character: There is no l in font nullfont!
Missing character: There is no e in font nullfont!
Missing character: There is no s in font nullfont!
Missing character: There is no t in font nullfont!
Missing character: There is no r in font nullfont!
Missing character: There is no a in font nullfont!
Missing character: There is no d in font nullfont!
Missing character: There is no e in font nullfont!
Missing character: There is no [ in font nullfont!
Missing character: There is no b in font nullfont!
Missing character: There is no y in font nullfont!
Missing character: There is no = in font nullfont!
Missing character: There is no R in font nullfont!
Missing character: There is no o in font nullfont!
Missing character: There is no n in font nullfont!
Missing character: There is no c in font nullfont!
Missing character: There is no a in font nullfont!
Missing character: There is no r in font nullfont!
Missing character: There is no i in font nullfont!
Missing character: There is no , in font nullfont!
Missing character: There is no C in font nullfont!
Missing character: There is no a in font nullfont!
Missing character: There is no p in font nullfont!
Missing character: There is no e in font nullfont!
Missing character: There is no l in font nullfont!
Missing character: There is no l in font nullfont!
Missing character: There is no o in font nullfont!
Missing character: There is no ] in font nullfont!
! Undefined control sequence.
l.14 \transpose
               {0} 						% <<< TRASPOSIZIONE #TONI (0 nullo)
The control sequence at the end of the top line
of your error message was never \def'ed. If you have
misspelled it (e.g., `\hobx'), type `I' and the correct
spelling (e.g., `I\hbox'). Otherwise just continue,
and I'll forget about whatever was undefined.

Missing character: There is no 0 in font nullfont!
! Undefined control sequence.
l.15 \momenti
             {Fine}							% <<< INSERISCI MOMENTI
The control sequence at the end of the top line
of your error message was never \def'ed. If you have
misspelled it (e.g., `\hobx'), type `I' and the correct
spelling (e.g., `I\hbox'). Otherwise just continue,
and I'll forget about whatever was undefined.

Missing character: There is no F in font nullfont!
Missing character: There is no i in font nullfont!
Missing character: There is no n in font nullfont!
Missing character: There is no e in font nullfont!
! Undefined control sequence.
l.18 \ifchorded
               
The control sequence at the end of the top line
of your error message was never \def'ed. If you have
misspelled it (e.g., `\hobx'), type `I' and the correct
spelling (e.g., `I\hbox'). Otherwise just continue,
and I'll forget about whatever was undefined.

! Extra \fi.
l.20 \fi
        
I'm ignoring this; it doesn't match any \if.


Overfull \hbox (20.0pt too wide) in paragraph at lines 13--21
[]
 []

! Undefined control sequence.
l.24 \ifchorded
               
The control sequence at the end of the top line
of your error message was never \def'ed. If you have
misspelled it (e.g., `\hobx'), type `I' and the correct
spelling (e.g., `I\hbox'). Otherwise just continue,
and I'll forget about whatever was undefined.

! Undefined control sequence.
<argument> \versesep 
                     
l.25 \vspace*{\versesep}
                        
The control sequence at the end of the top line
of your error message was never \def'ed. If you have
misspelled it (e.g., `\hobx'), type `I' and the correct
spelling (e.g., `I\hbox'). Otherwise just continue,
and I'll forget about whatever was undefined.

! Missing number, treated as zero.
<to be read again> 
                   \vskip 
l.25 \vspace*{\versesep}
                        
A number should have been here; I inserted `0'.
(If you can't figure out why I needed to see a number,
look up `weird error' in the index to The TeXbook.)

! Illegal unit of measure (pt inserted).
<to be read again> 
                   \vskip 
l.25 \vspace*{\versesep}
                        
Dimensions can be in units of em, ex, in, pt, pc,
cm, mm, dd, cc, nd, nc, bp, or sp; but yours is a new one!
I'll assume that you meant to say pt, for printer's points.
To recover gracefully from this error, it's best to
delete the erroneous units; e.g., type `2' to delete
two letters. (See Chapter 27 of The TeXbook.)

! Undefined control sequence.
l.26 \textnote
              {Intro: \qquad \qquad  }%(\eighthnote 116) % << MODIFICA IL TEMPO
The control sequence at the end of the top line
of your error message was never \def'ed. If you have
misspelled it (e.g., `\hobx'), type `I' and the correct
spelling (e.g., `I\hbox'). Otherwise just continue,
and I'll forget about whatever was undefined.


! LaTeX Error: Missing \begin{document}.

See the LaTeX manual or LaTeX Companion for explanation.
Type  H <return>  for immediate help.
 ...                                              
                                                  
l.26 \textnote{I
                ntro: \qquad \qquad  }%(\eighthnote 116) % << MODIFICA IL TEMPO

You're in trouble here.  Try typing  <return>  to proceed.
If that doesn't work, type  X <return>  to quit.

Missing character: There is no I in font nullfont!
Missing character: There is no n in font nullfont!
Missing character: There is no t in font nullfont!
Missing character: There is no r in font nullfont!
Missing character: There is no o in font nullfont!
Missing character: There is no : in font nullfont!
! Undefined control sequence.
<argument> -\versesep 
                      
l.28 \vspace*{-\versesep}
                         
The control sequence at the end of the top line
of your error message was never \def'ed. If you have
misspelled it (e.g., `\hobx'), type `I' and the correct
spelling (e.g., `I\hbox'). Otherwise just continue,
and I'll forget about whatever was undefined.

! Missing number, treated as zero.
<to be read again> 
                   \vskip 
l.28 \vspace*{-\versesep}
                         
A number should have been here; I inserted `0'.
(If you can't figure out why I needed to see a number,
look up `weird error' in the index to The TeXbook.)

! Illegal unit of measure (pt inserted).
<to be read again> 
                   \vskip 
l.28 \vspace*{-\versesep}
                         
Dimensions can be in units of em, ex, in, pt, pc,
cm, mm, dd, cc, nd, nc, bp, or sp; but yours is a new one!
I'll assume that you meant to say pt, for printer's points.
To recover gracefully from this error, it's best to
delete the erroneous units; e.g., type `2' to delete
two letters. (See Chapter 27 of The TeXbook.)

! Undefined control sequence.
l.29 \beginverse
                *
The control sequence at the end of the top line
of your error message was never \def'ed. If you have
misspelled it (e.g., `\hobx'), type `I' and the correct
spelling (e.g., `I\hbox'). Otherwise just continue,
and I'll forget about whatever was undefined.

Missing character: There is no * in font nullfont!

Overfull \hbox (20.0pt too wide) in paragraph at lines 26--30
[]
 []

! Undefined control sequence.
l.31 \nolyrics
              
The control sequence at the end of the top line
of your error message was never \def'ed. If you have
misspelled it (e.g., `\hobx'), type `I' and the correct
spelling (e.g., `I\hbox'). Otherwise just continue,
and I'll forget about whatever was undefined.

! Undefined control sequence.
<argument> -\versesep 
                      
l.34 \vspace*{-\versesep}
                         
The control sequence at the end of the top line
of your error message was never \def'ed. If you have
misspelled it (e.g., `\hobx'), type `I' and the correct
spelling (e.g., `I\hbox'). Otherwise just continue,
and I'll forget about whatever was undefined.

! Missing number, treated as zero.
<to be read again> 
                   \vskip 
l.34 \vspace*{-\versesep}
                         
A number should have been here; I inserted `0'.
(If you can't figure out why I needed to see a number,
look up `weird error' in the index to The TeXbook.)

! Illegal unit of measure (pt inserted).
<to be read again> 
                   \vskip 
l.34 \vspace*{-\versesep}
                         
Dimensions can be in units of em, ex, in, pt, pc,
cm, mm, dd, cc, nd, nc, bp, or sp; but yours is a new one!
I'll assume that you meant to say pt, for printer's points.
To recover gracefully from this error, it's best to
delete the erroneous units; e.g., type `2' to delete
two letters. (See Chapter 27 of The TeXbook.)


! LaTeX Error: Missing \begin{document}.

See the LaTeX manual or LaTeX Companion for explanation.
Type  H <return>  for immediate help.
 ...                                              
                                                  
l.35 \[
       B-] \[A] \[B-]	 % \[*D] per indicare le pennate, \rep{2} le ripetizioni
You're in trouble here.  Try typing  <return>  to proceed.
If that doesn't work, type  X <return>  to quit.


Overfull \hbox (20.0pt too wide) in paragraph at lines 35--35
[][] 
 []

LaTeX Font Info:    External font `cmex10' loaded for size
(Font)              <7> on input line 35.
LaTeX Font Info:    External font `cmex10' loaded for size
(Font)              <5> on input line 35.

! LaTeX Error: Bad math environment delimiter.

See the LaTeX manual or LaTeX Companion for explanation.
Type  H <return>  for immediate help.
 ...                                              
                                                  
l.35 \[B-] \[
             A] \[B-]	 % \[*D] per indicare le pennate, \rep{2} le ripetizioni
Your command was ignored.
Type  I <command> <return>  to replace it with another command,
or  <return>  to continue without it.


! LaTeX Error: Bad math environment delimiter.

See the LaTeX manual or LaTeX Companion for explanation.
Type  H <return>  for immediate help.
 ...                                              
                                                  
l.35 \[B-] \[A] \[
                  B-]	 % \[*D] per indicare le pennate, \rep{2} le ripetizioni
Your command was ignored.
Type  I <command> <return>  to replace it with another command,
or  <return>  to continue without it.

! Missing $ inserted.
<inserted text> 
                $
l.36 
     
I've inserted a begin-math/end-math symbol since I think
you left one out. Proceed, with fingers crossed.

! Display math should end with $$.
<to be read again> 
                   \par 
l.36 
     
The `$' that I just saw supposedly matches a previous `$$'.
So I shall assume that you typed `$$' both times.


Overfull \hbox (47.56259pt too wide) detected at line 36
\OML/cmm/m/it/10 B\OMS/cmsy/m/n/10 ^^@\OT1/cmr/m/n/10 ]\OML/cmm/m/it/10 A\OT1/c
mr/m/n/10 ]\OML/cmm/m/it/10 B\OMS/cmsy/m/n/10 ^^@\OT1/cmr/m/n/10 ]
 []

! Undefined control sequence.
l.44 \endverse
              
The control sequence at the end of the top line
of your error message was never \def'ed. If you have
misspelled it (e.g., `\hobx'), type `I' and the correct
spelling (e.g., `I\hbox'). Otherwise just continue,
and I'll forget about whatever was undefined.

! Extra \fi.
l.45 \fi
        
I'm ignoring this; it doesn't match any \if.

! Undefined control sequence.
l.48 \beginchorus
                 
The control sequence at the end of the top line
of your error message was never \def'ed. If you have
misspelled it (e.g., `\hobx'), type `I' and the correct
spelling (e.g., `I\hbox'). Otherwise just continue,
and I'll forget about whatever was undefined.

! Undefined control sequence.
l.49 \textnote
              {\textbf{Rit.}}
The control sequence at the end of the top line
of your error message was never \def'ed. If you have
misspelled it (e.g., `\hobx'), type `I' and the correct
spelling (e.g., `I\hbox'). Otherwise just continue,
and I'll forget about whatever was undefined.


! LaTeX Error: Missing \begin{document}.

See the LaTeX manual or LaTeX Companion for explanation.
Type  H <return>  for immediate help.
 ...                                              
                                                  
l.49 \textnote{\textbf{Rit.}
                            }
You're in trouble here.  Try typing  <return>  to proceed.
If that doesn't work, type  X <return>  to quit.


Overfull \hbox (39.48601pt too wide) in paragraph at lines 49--50
[]\OT1/cmr/bx/n/10 Rit. 
 []


! LaTeX Error: Missing \begin{document}.

See the LaTeX manual or LaTeX Companion for explanation.
Type  H <return>  for immediate help.
 ...                                              
                                                  
l.51 \[
       B-] An\[B-]date per le \[D]strade in \[G]tutto il \[A]mondo,
You're in trouble here.  Try typing  <return>  to proceed.
If that doesn't work, type  X <return>  to quit.


Overfull \hbox (20.0pt too wide) in paragraph at lines 51--51
[][] 
 []


! LaTeX Error: Bad math environment delimiter.

See the LaTeX manual or LaTeX Companion for explanation.
Type  H <return>  for immediate help.
 ...                                              
                                                  
l.51 \[B-] An\[
               B-]date per le \[D]strade in \[G]tutto il \[A]mondo,
Your command was ignored.
Type  I <command> <return>  to replace it with another command,
or  <return>  to continue without it.


! LaTeX Error: Bad math environment delimiter.

See the LaTeX manual or LaTeX Companion for explanation.
Type  H <return>  for immediate help.
 ...                                              
                                                  
l.51 \[B-] An\[B-]date per le \[
                                D]strade in \[G]tutto il \[A]mondo,
Your command was ignored.
Type  I <command> <return>  to replace it with another command,
or  <return>  to continue without it.


! LaTeX Error: Bad math environment delimiter.

See the LaTeX manual or LaTeX Companion for explanation.
Type  H <return>  for immediate help.
 ...                                              
                                                  
l.51 \[B-] An\[B-]date per le \[D]strade in \[
                                              G]tutto il \[A]mondo,
Your command was ignored.
Type  I <command> <return>  to replace it with another command,
or  <return>  to continue without it.


! LaTeX Error: Bad math environment delimiter.

See the LaTeX manual or LaTeX Companion for explanation.
Type  H <return>  for immediate help.
 ...                                              
                                                  
l.51 ...]date per le \[D]strade in \[G]tutto il \[
                                                  A]mondo,
Your command was ignored.
Type  I <command> <return>  to replace it with another command,
or  <return>  to continue without it.


! LaTeX Error: Bad math environment delimiter.

See the LaTeX manual or LaTeX Companion for explanation.
Type  H <return>  for immediate help.
 ...                                              
                                                  
l.52 chia\[
           F#]mate i miei a\[B-]mici \[A]per far \[D]festa,
Your command was ignored.
Type  I <command> <return>  to replace it with another command,
or  <return>  to continue without it.

! You can't use `macro parameter character #' in display math mode.
l.52 chia\[F#
             ]mate i miei a\[B-]mici \[A]per far \[D]festa,
Sorry, but I'm not programmed to handle this case;
I'll just pretend that you didn't ask for it.
If you're in the wrong mode, you might be able to
return to the right one by typing `I}' or `I$' or `I\par'.


! LaTeX Error: Bad math environment delimiter.

See the LaTeX manual or LaTeX Companion for explanation.
Type  H <return>  for immediate help.
 ...                                              
                                                  
l.52 chia\[F#]mate i miei a\[
                             B-]mici \[A]per far \[D]festa,
Your command was ignored.
Type  I <command> <return>  to replace it with another command,
or  <return>  to continue without it.


! LaTeX Error: Bad math environment delimiter.

See the LaTeX manual or LaTeX Companion for explanation.
Type  H <return>  for immediate help.
 ...                                              
                                                  
l.52 chia\[F#]mate i miei a\[B-]mici \[
                                       A]per far \[D]festa,
Your command was ignored.
Type  I <command> <return>  to replace it with another command,
or  <return>  to continue without it.


! LaTeX Error: Bad math environment delimiter.

See the LaTeX manual or LaTeX Companion for explanation.
Type  H <return>  for immediate help.
 ...                                              
                                                  
l.52 ...\[F#]mate i miei a\[B-]mici \[A]per far \[
                                                  D]festa,
Your command was ignored.
Type  I <command> <return>  to replace it with another command,
or  <return>  to continue without it.


! LaTeX Error: Bad math environment delimiter.

See the LaTeX manual or LaTeX Companion for explanation.
Type  H <return>  for immediate help.
 ...                                              
                                                  
l.53 c'√® un \[
               F#]posto per cia\[G]scuno \[A]alla mia \[B-]mensa.
Your command was ignored.
Type  I <command> <return>  to replace it with another command,
or  <return>  to continue without it.

! You can't use `macro parameter character #' in display math mode.
l.53 c'√® un \[F#
                 ]posto per cia\[G]scuno \[A]alla mia \[B-]mensa.
Sorry, but I'm not programmed to handle this case;
I'll just pretend that you didn't ask for it.
If you're in the wrong mode, you might be able to
return to the right one by typing `I}' or `I$' or `I\par'.


! LaTeX Error: Bad math environment delimiter.

See the LaTeX manual or LaTeX Companion for explanation.
Type  H <return>  for immediate help.
 ...                                              
                                                  
l.53 c'√® un \[F#]posto per cia\[
                                 G]scuno \[A]alla mia \[B-]mensa.
Your command was ignored.
Type  I <command> <return>  to replace it with another command,
or  <return>  to continue without it.


! LaTeX Error: Bad math environment delimiter.

See the LaTeX manual or LaTeX Companion for explanation.
Type  H <return>  for immediate help.
 ...                                              
                                                  
l.53 c'√® un \[F#]posto per cia\[G]scuno \[
                                           A]alla mia \[B-]mensa.
Your command was ignored.
Type  I <command> <return>  to replace it with another command,
or  <return>  to continue without it.


! LaTeX Error: Bad math environment delimiter.

See the LaTeX manual or LaTeX Companion for explanation.
Type  H <return>  for immediate help.
 ...                                              
                                                  
l.53 ...[F#]posto per cia\[G]scuno \[A]alla mia \[
                                                  B-]mensa.
Your command was ignored.
Type  I <command> <return>  to replace it with another command,
or  <return>  to continue without it.

! Missing $ inserted.
<inserted text> 
                $
l.54 
     
I've inserted a begin-math/end-math symbol since I think
you left one out. Proceed, with fingers crossed.

! Display math should end with $$.
<to be read again> 
                   \par 
l.54 
     
The `$' that I just saw supposedly matches a previous `$$'.
So I shall assume that you typed `$$' both times.

Missing character: There is no √ in font cmr10!
Missing character: There is no ® in font cmr10!

Overfull \hbox (635.99535pt too wide) detected at line 54
\OML/cmm/m/it/10 B\OMS/cmsy/m/n/10 ^^@\OT1/cmr/m/n/10 ]\OML/cmm/m/it/10 AnB\OMS
/cmsy/m/n/10 ^^@\OT1/cmr/m/n/10 ]\OML/cmm/m/it/10 dateperleD\OT1/cmr/m/n/10 ]\O
ML/cmm/m/it/10 stradeinG\OT1/cmr/m/n/10 ]\OML/cmm/m/it/10 tuttoilA\OT1/cmr/m/n/
10 ]\OML/cmm/m/it/10 mondo; chiaF\OT1/cmr/m/n/10 ]\OML/cmm/m/it/10 mateimieiaB\
OMS/cmsy/m/n/10 ^^@\OT1/cmr/m/n/10 ]\OML/cmm/m/it/10 miciA\OT1/cmr/m/n/10 ]\OML
/cmm/m/it/10 perfarD\OT1/cmr/m/n/10 ]\OML/cmm/m/it/10 festa; c[]unF\OT1/cmr/m/n
/10 ]\OML/cmm/m/it/10 postoperciaG\OT1/cmr/m/n/10 ]\OML/cmm/m/it/10 scunoA\OT1/
cmr/m/n/10 ]\OML/cmm/m/it/10 allamiaB\OMS/cmsy/m/n/10 ^^@\OT1/cmr/m/n/10 ]\OML/
cmm/m/it/10 mensa:
 []

! Undefined control sequence.
l.55 \endchorus
               
The control sequence at the end of the top line
of your error message was never \def'ed. If you have
misspelled it (e.g., `\hobx'), type `I' and the correct
spelling (e.g., `I\hbox'). Otherwise just continue,
and I'll forget about whatever was undefined.

! Undefined control sequence.
l.58 \beginverse
                		%Oppure \beginverse* se non si vuole il numero di fianco
The control sequence at the end of the top line
of your error message was never \def'ed. If you have
misspelled it (e.g., `\hobx'), type `I' and the correct
spelling (e.g., `I\hbox'). Otherwise just continue,
and I'll forget about whatever was undefined.

! Undefined control sequence.
l.59 \memorize
               		% <<< DECOMMENTA se si vuole utilizzarne la funzione
The control sequence at the end of the top line
of your error message was never \def'ed. If you have
misspelled it (e.g., `\hobx'), type `I' and the correct
spelling (e.g., `I\hbox'). Otherwise just continue,
and I'll forget about whatever was undefined.


! LaTeX Error: Missing \begin{document}.

See the LaTeX manual or LaTeX Companion for explanation.
Type  H <return>  for immediate help.
 ...                                              
                                                  
l.62 N
      el \[D]vostro cam\[G]mino annun\[A]ciate il Van\[D]gelo
You're in trouble here.  Try typing  <return>  to proceed.
If that doesn't work, type  X <return>  to quit.

Missing character: There is no N in font nullfont!
Missing character: There is no e in font nullfont!
Missing character: There is no l in font nullfont!

Overfull \hbox (20.0pt too wide) in paragraph at lines 62--62
[] 
 []


! LaTeX Error: Bad math environment delimiter.

See the LaTeX manual or LaTeX Companion for explanation.
Type  H <return>  for immediate help.
 ...                                              
                                                  
l.62 Nel \[D]vostro cam\[
                         G]mino annun\[A]ciate il Van\[D]gelo
Your command was ignored.
Type  I <command> <return>  to replace it with another command,
or  <return>  to continue without it.


! LaTeX Error: Bad math environment delimiter.

See the LaTeX manual or LaTeX Companion for explanation.
Type  H <return>  for immediate help.
 ...                                              
                                                  
l.62 Nel \[D]vostro cam\[G]mino annun\[
                                       A]ciate il Van\[D]gelo
Your command was ignored.
Type  I <command> <return>  to replace it with another command,
or  <return>  to continue without it.


! LaTeX Error: Bad math environment delimiter.

See the LaTeX manual or LaTeX Companion for explanation.
Type  H <return>  for immediate help.
 ...                                              
                                                  
l.62 ...vostro cam\[G]mino annun\[A]ciate il Van\[
                                                  D]gelo
Your command was ignored.
Type  I <command> <return>  to replace it with another command,
or  <return>  to continue without it.


! LaTeX Error: Bad math environment delimiter.

See the LaTeX manual or LaTeX Companion for explanation.
Type  H <return>  for immediate help.
 ...                                              
                                                  
l.63 di\[
         B-]cendo ‚Äú√à vi\[E-]cino il \[F#]Regno dei \[B-]cieli!‚Äù.
Your command was ignored.
Type  I <command> <return>  to replace it with another command,
or  <return>  to continue without it.


! LaTeX Error: Bad math environment delimiter.

See the LaTeX manual or LaTeX Companion for explanation.
Type  H <return>  for immediate help.
 ...                                              
                                                  
l.63 di\[B-]cendo ‚Äú√à vi\[
                            E-]cino il \[F#]Regno dei \[B-]cieli!‚Äù.
Your command was ignored.
Type  I <command> <return>  to replace it with another command,
or  <return>  to continue without it.


! LaTeX Error: Bad math environment delimiter.

See the LaTeX manual or LaTeX Companion for explanation.
Type  H <return>  for immediate help.
 ...                                              
                                                  
l.63 di\[B-]cendo ‚Äú√à vi\[E-]cino il \[
                                         F#]Regno dei \[B-]cieli!‚Äù.
Your command was ignored.
Type  I <command> <return>  to replace it with another command,
or  <return>  to continue without it.

! You can't use `macro parameter character #' in display math mode.
l.63 di\[B-]cendo ‚Äú√à vi\[E-]cino il \[F#
                                           ]Regno dei \[B-]cieli!‚Äù.
Sorry, but I'm not programmed to handle this case;
I'll just pretend that you didn't ask for it.
If you're in the wrong mode, you might be able to
return to the right one by typing `I}' or `I$' or `I\par'.


! LaTeX Error: Bad math environment delimiter.

See the LaTeX manual or LaTeX Companion for explanation.
Type  H <return>  for immediate help.
 ...                                              
                                                  
l.63 ...ndo ‚Äú√à vi\[E-]cino il \[F#]Regno dei \[
                                                  B-]cieli!‚Äù.
Your command was ignored.
Type  I <command> <return>  to replace it with another command,
or  <return>  to continue without it.


! LaTeX Error: Bad math environment delimiter.

See the LaTeX manual or LaTeX Companion for explanation.
Type  H <return>  for immediate help.
 ...                                              
                                                  
l.64 Gua\[
          D7]rite i ma\[G]lati, mon\[A]date i leb\[D]brosi,
Your command was ignored.
Type  I <command> <return>  to replace it with another command,
or  <return>  to continue without it.


! LaTeX Error: Bad math environment delimiter.

See the LaTeX manual or LaTeX Companion for explanation.
Type  H <return>  for immediate help.
 ...                                              
                                                  
l.64 Gua\[D7]rite i ma\[
                        G]lati, mon\[A]date i leb\[D]brosi,
Your command was ignored.
Type  I <command> <return>  to replace it with another command,
or  <return>  to continue without it.


! LaTeX Error: Bad math environment delimiter.

See the LaTeX manual or LaTeX Companion for explanation.
Type  H <return>  for immediate help.
 ...                                              
                                                  
l.64 Gua\[D7]rite i ma\[G]lati, mon\[
                                     A]date i leb\[D]brosi,
Your command was ignored.
Type  I <command> <return>  to replace it with another command,
or  <return>  to continue without it.


! LaTeX Error: Bad math environment delimiter.

See the LaTeX manual or LaTeX Companion for explanation.
Type  H <return>  for immediate help.
 ...                                              
                                                  
l.64 ...[D7]rite i ma\[G]lati, mon\[A]date i leb\[
                                                  D]brosi,
Your command was ignored.
Type  I <command> <return>  to replace it with another command,
or  <return>  to continue without it.


! LaTeX Error: Bad math environment delimiter.

See the LaTeX manual or LaTeX Companion for explanation.
Type  H <return>  for immediate help.
 ...                                              
                                                  
l.65 ren\[
          B-]dete la \[F#-]vita a \[C#]chi l'ha per\[F#]duta.
Your command was ignored.
Type  I <command> <return>  to replace it with another command,
or  <return>  to continue without it.


! LaTeX Error: Bad math environment delimiter.

See the LaTeX manual or LaTeX Companion for explanation.
Type  H <return>  for immediate help.
 ...                                              
                                                  
l.65 ren\[B-]dete la \[
                       F#-]vita a \[C#]chi l'ha per\[F#]duta.
Your command was ignored.
Type  I <command> <return>  to replace it with another command,
or  <return>  to continue without it.

! You can't use `macro parameter character #' in display math mode.
l.65 ren\[B-]dete la \[F#
                         -]vita a \[C#]chi l'ha per\[F#]duta.
Sorry, but I'm not programmed to handle this case;
I'll just pretend that you didn't ask for it.
If you're in the wrong mode, you might be able to
return to the right one by typing `I}' or `I$' or `I\par'.


! LaTeX Error: Bad math environment delimiter.

See the LaTeX manual or LaTeX Companion for explanation.
Type  H <return>  for immediate help.
 ...                                              
                                                  
l.65 ren\[B-]dete la \[F#-]vita a \[
                                    C#]chi l'ha per\[F#]duta.
Your command was ignored.
Type  I <command> <return>  to replace it with another command,
or  <return>  to continue without it.

! You can't use `macro parameter character #' in display math mode.
l.65 ren\[B-]dete la \[F#-]vita a \[C#
                                      ]chi l'ha per\[F#]duta.
Sorry, but I'm not programmed to handle this case;
I'll just pretend that you didn't ask for it.
If you're in the wrong mode, you might be able to
return to the right one by typing `I}' or `I$' or `I\par'.


! LaTeX Error: Bad math environment delimiter.

See the LaTeX manual or LaTeX Companion for explanation.
Type  H <return>  for immediate help.
 ...                                              
                                                  
l.65 ...-]dete la \[F#-]vita a \[C#]chi l'ha per\[
                                                  F#]duta.
Your command was ignored.
Type  I <command> <return>  to replace it with another command,
or  <return>  to continue without it.

! You can't use `macro parameter character #' in display math mode.
l.65 ...dete la \[F#-]vita a \[C#]chi l'ha per\[F#
                                                  ]duta.
Sorry, but I'm not programmed to handle this case;
I'll just pretend that you didn't ask for it.
If you're in the wrong mode, you might be able to
return to the right one by typing `I}' or `I$' or `I\par'.

! Missing $ inserted.
<inserted text> 
                $
l.66 
     
I've inserted a begin-math/end-math symbol since I think
you left one out. Proceed, with fingers crossed.

! Display math should end with $$.
<to be read again> 
                   \par 
l.66 
     
The `$' that I just saw supposedly matches a previous `$$'.
So I shall assume that you typed `$$' both times.

Missing character: There is no ‚ in font cmr10!
Missing character: There is no Ä in font cmr10!
Missing character: There is no ú in font cmr10!
Missing character: There is no √ in font cmr10!
Missing character: There is no à in font cmr10!
Missing character: There is no ‚ in font cmr10!
Missing character: There is no Ä in font cmr10!
Missing character: There is no ù in font cmr10!

Overfull \hbox (800.06253pt too wide) detected at line 66
\OML/cmm/m/it/10 D\OT1/cmr/m/n/10 ]\OML/cmm/m/it/10 vostrocamG\OT1/cmr/m/n/10 ]
\OML/cmm/m/it/10 minoannunA\OT1/cmr/m/n/10 ]\OML/cmm/m/it/10 ciateilVanD\OT1/cm
r/m/n/10 ]\OML/cmm/m/it/10 gelodiB\OMS/cmsy/m/n/10 ^^@\OT1/cmr/m/n/10 ]\OML/cmm
/m/it/10 cendoviE\OMS/cmsy/m/n/10 ^^@\OT1/cmr/m/n/10 ]\OML/cmm/m/it/10 cinoilF\
OT1/cmr/m/n/10 ]\OML/cmm/m/it/10 RegnodeiB\OMS/cmsy/m/n/10 ^^@\OT1/cmr/m/n/10 ]
\OML/cmm/m/it/10 cieli\OT1/cmr/m/n/10 !\OML/cmm/m/it/10 :GuaD\OT1/cmr/m/n/10 7]
\OML/cmm/m/it/10 riteimaG\OT1/cmr/m/n/10 ]\OML/cmm/m/it/10 lati; monA\OT1/cmr/m
/n/10 ]\OML/cmm/m/it/10 dateilebD\OT1/cmr/m/n/10 ]\OML/cmm/m/it/10 brosi; renB\
OMS/cmsy/m/n/10 ^^@\OT1/cmr/m/n/10 ]\OML/cmm/m/it/10 detelaF\OMS/cmsy/m/n/10 ^^
@\OT1/cmr/m/n/10 ]\OML/cmm/m/it/10 vitaaC\OT1/cmr/m/n/10 ]\OML/cmm/m/it/10 chil
[]haperF\OT1/cmr/m/n/10 ]\OML/cmm/m/it/10 duta:
 []

! Undefined control sequence.
l.67 \endverse
              
The control sequence at the end of the top line
of your error message was never \def'ed. If you have
misspelled it (e.g., `\hobx'), type `I' and the correct
spelling (e.g., `I\hbox'). Otherwise just continue,
and I'll forget about whatever was undefined.

! Undefined control sequence.
l.69 \beginverse
                
The control sequence at the end of the top line
of your error message was never \def'ed. If you have
misspelled it (e.g., `\hobx'), type `I' and the correct
spelling (e.g., `I\hbox'). Otherwise just continue,
and I'll forget about whatever was undefined.

! Missing $ inserted.
<inserted text> 
                $
l.71 ^
      Vi √® stato do^nato con a^more gra^tuito:
I've inserted a begin-math/end-math symbol since I think
you left one out. Proceed, with fingers crossed.


! LaTeX Error: Missing \begin{document}.

See the LaTeX manual or LaTeX Companion for explanation.
Type  H <return>  for immediate help.
 ...                                              
                                                  
l.71 ^
      Vi √® stato do^nato con a^more gra^tuito:
You're in trouble here.  Try typing  <return>  to proceed.
If that doesn't work, type  X <return>  to quit.

! Undefined control sequence.
l.75 \endverse
              
The control sequence at the end of the top line
of your error message was never \def'ed. If you have
misspelled it (e.g., `\hobx'), type `I' and the correct
spelling (e.g., `I\hbox'). Otherwise just continue,
and I'll forget about whatever was undefined.

! Undefined control sequence.
l.76 \beginverse
                
The control sequence at the end of the top line
of your error message was never \def'ed. If you have
misspelled it (e.g., `\hobx'), type `I' and the correct
spelling (e.g., `I\hbox'). Otherwise just continue,
and I'll forget about whatever was undefined.

! Double superscript.
<recently read> ^
                 
l.79 se ^c'
           √® chi vi ri^fiuta e ^non accoglie il ^dono,
I treat `x^1^2' essentially like `x^1{}^2'.

! Undefined control sequence.
l.82 \endverse
              
The control sequence at the end of the top line
of your error message was never \def'ed. If you have
misspelled it (e.g., `\hobx'), type `I' and the correct
spelling (e.g., `I\hbox'). Otherwise just continue,
and I'll forget about whatever was undefined.

! Undefined control sequence.
l.83 \beginverse
                
The control sequence at the end of the top line
of your error message was never \def'ed. If you have
misspelled it (e.g., `\hobx'), type `I' and the correct
spelling (e.g., `I\hbox'). Otherwise just continue,
and I'll forget about whatever was undefined.

! Undefined control sequence.
l.89 \endverse
              
The control sequence at the end of the top line
of your error message was never \def'ed. If you have
misspelled it (e.g., `\hobx'), type `I' and the correct
spelling (e.g., `I\hbox'). Otherwise just continue,
and I'll forget about whatever was undefined.

! Undefined control sequence.
l.90 \beginverse
                
The control sequence at the end of the top line
of your error message was never \def'ed. If you have
misspelled it (e.g., `\hobx'), type `I' and the correct
spelling (e.g., `I\hbox'). Otherwise just continue,
and I'll forget about whatever was undefined.

! Undefined control sequence.
l.96 \endverse
              
The control sequence at the end of the top line
of your error message was never \def'ed. If you have
misspelled it (e.g., `\hobx'), type `I' and the correct
spelling (e.g., `I\hbox'). Otherwise just continue,
and I'll forget about whatever was undefined.

! Missing $ inserted.
<inserted text> 
                $
l.97 
     
I've inserted a begin-math/end-math symbol since I think
you left one out. Proceed, with fingers crossed.

Missing character: There is no √ in font cmr10!
Missing character: There is no ® in font cmr10!
Missing character: There is no √ in font cmr10!
Missing character: There is no © in font cmr10!
Missing character: There is no √ in font cmr10!
Missing character: There is no © in font cmr10!
Missing character: There is no √ in font cmr10!
Missing character: There is no © in font cmr10!
Missing character: There is no √ in font cmr10!
Missing character: There is no ® in font cmr10!
Missing character: There is no √ in font cmr10!
Missing character: There is no ® in font cmr10!
Missing character: There is no √ in font cmr10!
Missing character: There is no π in font cmr10!
Missing character: There is no √ in font cmr10!
Missing character: There is no © in font cmr10!
Missing character: There is no √ in font cmr10!
Missing character: There is no ® in font cmr10!
Missing character: There is no √ in font cmr10!
Missing character: There is no π in font cmr10!

Overfull \hbox (165.93222pt too wide) in paragraph at lines 71--97
[]$[]\OML/cmm/m/it/10 istatodo[]atocona[]oregra[]uito \OT1/cmr/m/n/10 :
 []


Overfull \hbox (622.99881pt too wide) in paragraph at lines 71--97
\OML/cmm/m/it/10 u[]ualmentedo[]atecon[]ioiaepera[]ore:Con[]oinonpren[]ete[]oro
nar[]ento; per[]hl[]ope[]aiohadi[]ittoalsuo[]ibo:En[]randoinuna[]asado[]atelela
[]ace \OT1/cmr/m/n/10 :
 []


Overfull \hbox (630.60648pt too wide) in paragraph at lines 71--97
\OML/cmm/m/it/10 se[][]chiviri[]iutae[]onaccoglieil[]ono; la[]acetornia[]oieu[]
citedalla[]asa;[] cuotendola[]olveredai[]ostrical[]ari:[]cco; iovi[]andoa[]nell
iinmezzoai[]upi \OT1/cmr/m/n/10 :
 []


Overfull \hbox (1128.65384pt too wide) in paragraph at lines 71--97
\OML/cmm/m/it/10 siate[]unqueavve[]uticome[]onoiser[]enti; ma[]iberie[]hiarico[
]eleco[]ombe\OT1/cmr/m/n/10 ; \OML/cmm/m/it/10 do[]retesoppor[]arepri[]ionietri
bu[]ali:Nes[]unopi[]randedel[]roprioma[]stro; nil[]ervopiim[]ortante[]elsuopa[]
rone:Se[]annoodiato[]e; odie[]annoanche[]oi\OT1/cmr/m/n/10 ; \OML/cmm/m/it/10 m
a[]oinonte[]ete; ionon[]ilascio[]oli\OT1/cmr/m/n/10 !$ 
 []

! Undefined control sequence.
l.98 \endsong
             
The control sequence at the end of the top line
of your error message was never \def'ed. If you have
misspelled it (e.g., `\hobx'), type `I' and the correct
spelling (e.g., `I\hbox'). Otherwise just continue,
and I'll forget about whatever was undefined.

)
! Emergency stop.
<*> ./andate_per_le_strade.tex
                              
*** (job aborted, no legal \end found)

 
Here is how much of TeX's memory you used:
 11 strings out of 492996
 249 string characters out of 6136428
 57071 words of memory out of 5000000
 3663 multiletter control sequences out of 15000+600000
 3948 words of font info for 15 fonts, out of 8000000 for 9000
 1141 hyphenation exceptions out of 8191
 18i,2n,12p,266b,67s stack positions out of 5000i,500n,10000p,200000b,80000s
No pages of output.
