This is pdfTeX, Version 3.14159265-2.6-1.40.18 (TeX Live 2017/W32TeX) (preloaded format=pdflatex 2017.10.2)  20 JAN 2018 11:55
entering extended mode
 restricted \write18 enabled.
 %&-line parsing enabled.
**./resta_accanto_a_me.tex
(./resta_accanto_a_me.tex
LaTeX2e <2017-04-15>
Babel <3.10> and hyphenation patterns for 84 language(s) loaded.
! Undefined control sequence.
l.13 \beginsong
               {Resta accanto a me}[by={Gen Verde}] 	% <<< MODIFICA TITOLO E...
The control sequence at the end of the top line
of your error message was never \def'ed. If you have
misspelled it (e.g., `\hobx'), type `I' and the correct
spelling (e.g., `I\hbox'). Otherwise just continue,
and I'll forget about whatever was undefined.


! LaTeX Error: Missing \begin{document}.

See the LaTeX manual or LaTeX Companion for explanation.
Type  H <return>  for immediate help.
 ...                                              
                                                  
l.13 \beginsong{R
                 esta accanto a me}[by={Gen Verde}] 	% <<< MODIFICA TITOLO E...

You're in trouble here.  Try typing  <return>  to proceed.
If that doesn't work, type  X <return>  to quit.

Missing character: There is no R in font nullfont!
Missing character: There is no e in font nullfont!
Missing character: There is no s in font nullfont!
Missing character: There is no t in font nullfont!
Missing character: There is no a in font nullfont!
Missing character: There is no a in font nullfont!
Missing character: There is no c in font nullfont!
Missing character: There is no c in font nullfont!
Missing character: There is no a in font nullfont!
Missing character: There is no n in font nullfont!
Missing character: There is no t in font nullfont!
Missing character: There is no o in font nullfont!
Missing character: There is no a in font nullfont!
Missing character: There is no m in font nullfont!
Missing character: There is no e in font nullfont!
Missing character: There is no [ in font nullfont!
Missing character: There is no b in font nullfont!
Missing character: There is no y in font nullfont!
Missing character: There is no = in font nullfont!
Missing character: There is no G in font nullfont!
Missing character: There is no e in font nullfont!
Missing character: There is no n in font nullfont!
Missing character: There is no V in font nullfont!
Missing character: There is no e in font nullfont!
Missing character: There is no r in font nullfont!
Missing character: There is no d in font nullfont!
Missing character: There is no e in font nullfont!
Missing character: There is no ] in font nullfont!
! Undefined control sequence.
l.14 \transpose
               {0} 						% <<< TRASPOSIZIONE #TONI (0 nullo)
The control sequence at the end of the top line
of your error message was never \def'ed. If you have
misspelled it (e.g., `\hobx'), type `I' and the correct
spelling (e.g., `I\hbox'). Otherwise just continue,
and I'll forget about whatever was undefined.

Missing character: There is no 0 in font nullfont!
! Undefined control sequence.
l.15 \momenti
             {Ringraziamento; Fine}							% <<< INSERISCI MOMENTI
The control sequence at the end of the top line
of your error message was never \def'ed. If you have
misspelled it (e.g., `\hobx'), type `I' and the correct
spelling (e.g., `I\hbox'). Otherwise just continue,
and I'll forget about whatever was undefined.

Missing character: There is no R in font nullfont!
Missing character: There is no i in font nullfont!
Missing character: There is no n in font nullfont!
Missing character: There is no g in font nullfont!
Missing character: There is no r in font nullfont!
Missing character: There is no a in font nullfont!
Missing character: There is no z in font nullfont!
Missing character: There is no i in font nullfont!
Missing character: There is no a in font nullfont!
Missing character: There is no m in font nullfont!
Missing character: There is no e in font nullfont!
Missing character: There is no n in font nullfont!
Missing character: There is no t in font nullfont!
Missing character: There is no o in font nullfont!
Missing character: There is no ; in font nullfont!
Missing character: There is no F in font nullfont!
Missing character: There is no i in font nullfont!
Missing character: There is no n in font nullfont!
Missing character: There is no e in font nullfont!
! Undefined control sequence.
l.18 \ifchorded
               
The control sequence at the end of the top line
of your error message was never \def'ed. If you have
misspelled it (e.g., `\hobx'), type `I' and the correct
spelling (e.g., `I\hbox'). Otherwise just continue,
and I'll forget about whatever was undefined.

! Extra \fi.
l.20 \fi
        
I'm ignoring this; it doesn't match any \if.


Overfull \hbox (20.0pt too wide) in paragraph at lines 13--21
[]
 []

! Undefined control sequence.
l.23 \ifchorded
               
The control sequence at the end of the top line
of your error message was never \def'ed. If you have
misspelled it (e.g., `\hobx'), type `I' and the correct
spelling (e.g., `I\hbox'). Otherwise just continue,
and I'll forget about whatever was undefined.

! Undefined control sequence.
<argument> \versesep 
                     
l.24 \vspace*{\versesep}
                        
The control sequence at the end of the top line
of your error message was never \def'ed. If you have
misspelled it (e.g., `\hobx'), type `I' and the correct
spelling (e.g., `I\hbox'). Otherwise just continue,
and I'll forget about whatever was undefined.

! Missing number, treated as zero.
<to be read again> 
                   \vskip 
l.24 \vspace*{\versesep}
                        
A number should have been here; I inserted `0'.
(If you can't figure out why I needed to see a number,
look up `weird error' in the index to The TeXbook.)

! Illegal unit of measure (pt inserted).
<to be read again> 
                   \vskip 
l.24 \vspace*{\versesep}
                        
Dimensions can be in units of em, ex, in, pt, pc,
cm, mm, dd, cc, nd, nc, bp, or sp; but yours is a new one!
I'll assume that you meant to say pt, for printer's points.
To recover gracefully from this error, it's best to
delete the erroneous units; e.g., type `2' to delete
two letters. (See Chapter 27 of The TeXbook.)

! Undefined control sequence.
l.25 \textnote
              {Intro: \qquad \qquad  }%(\eighthnote 116) % << MODIFICA IL TEMPO
The control sequence at the end of the top line
of your error message was never \def'ed. If you have
misspelled it (e.g., `\hobx'), type `I' and the correct
spelling (e.g., `I\hbox'). Otherwise just continue,
and I'll forget about whatever was undefined.


! LaTeX Error: Missing \begin{document}.

See the LaTeX manual or LaTeX Companion for explanation.
Type  H <return>  for immediate help.
 ...                                              
                                                  
l.25 \textnote{I
                ntro: \qquad \qquad  }%(\eighthnote 116) % << MODIFICA IL TEMPO

You're in trouble here.  Try typing  <return>  to proceed.
If that doesn't work, type  X <return>  to quit.

Missing character: There is no I in font nullfont!
Missing character: There is no n in font nullfont!
Missing character: There is no t in font nullfont!
Missing character: There is no r in font nullfont!
Missing character: There is no o in font nullfont!
Missing character: There is no : in font nullfont!
! Undefined control sequence.
<argument> -\versesep 
                      
l.27 \vspace*{-\versesep}
                         
The control sequence at the end of the top line
of your error message was never \def'ed. If you have
misspelled it (e.g., `\hobx'), type `I' and the correct
spelling (e.g., `I\hbox'). Otherwise just continue,
and I'll forget about whatever was undefined.

! Missing number, treated as zero.
<to be read again> 
                   \vskip 
l.27 \vspace*{-\versesep}
                         
A number should have been here; I inserted `0'.
(If you can't figure out why I needed to see a number,
look up `weird error' in the index to The TeXbook.)

! Illegal unit of measure (pt inserted).
<to be read again> 
                   \vskip 
l.27 \vspace*{-\versesep}
                         
Dimensions can be in units of em, ex, in, pt, pc,
cm, mm, dd, cc, nd, nc, bp, or sp; but yours is a new one!
I'll assume that you meant to say pt, for printer's points.
To recover gracefully from this error, it's best to
delete the erroneous units; e.g., type `2' to delete
two letters. (See Chapter 27 of The TeXbook.)

! Undefined control sequence.
l.28 \beginverse
                *
The control sequence at the end of the top line
of your error message was never \def'ed. If you have
misspelled it (e.g., `\hobx'), type `I' and the correct
spelling (e.g., `I\hbox'). Otherwise just continue,
and I'll forget about whatever was undefined.

Missing character: There is no * in font nullfont!

Overfull \hbox (20.0pt too wide) in paragraph at lines 25--29
[]
 []

! Undefined control sequence.
l.30 \nolyrics
              
The control sequence at the end of the top line
of your error message was never \def'ed. If you have
misspelled it (e.g., `\hobx'), type `I' and the correct
spelling (e.g., `I\hbox'). Otherwise just continue,
and I'll forget about whatever was undefined.

! Undefined control sequence.
<argument> -\versesep 
                      
l.33 \vspace*{-\versesep}
                         
The control sequence at the end of the top line
of your error message was never \def'ed. If you have
misspelled it (e.g., `\hobx'), type `I' and the correct
spelling (e.g., `I\hbox'). Otherwise just continue,
and I'll forget about whatever was undefined.

! Missing number, treated as zero.
<to be read again> 
                   \vskip 
l.33 \vspace*{-\versesep}
                         
A number should have been here; I inserted `0'.
(If you can't figure out why I needed to see a number,
look up `weird error' in the index to The TeXbook.)

! Illegal unit of measure (pt inserted).
<to be read again> 
                   \vskip 
l.33 \vspace*{-\versesep}
                         
Dimensions can be in units of em, ex, in, pt, pc,
cm, mm, dd, cc, nd, nc, bp, or sp; but yours is a new one!
I'll assume that you meant to say pt, for printer's points.
To recover gracefully from this error, it's best to
delete the erroneous units; e.g., type `2' to delete
two letters. (See Chapter 27 of The TeXbook.)


! LaTeX Error: Missing \begin{document}.

See the LaTeX manual or LaTeX Companion for explanation.
Type  H <return>  for immediate help.
 ...                                              
                                                  
l.34 \[
       A] \[E]  \[B]	 % \[*D] per indicare le pennate, \rep{2} le ripetizioni
You're in trouble here.  Try typing  <return>  to proceed.
If that doesn't work, type  X <return>  to quit.


Overfull \hbox (20.0pt too wide) in paragraph at lines 34--34
[][] 
 []

LaTeX Font Info:    External font `cmex10' loaded for size
(Font)              <7> on input line 34.
LaTeX Font Info:    External font `cmex10' loaded for size
(Font)              <5> on input line 34.

! LaTeX Error: Bad math environment delimiter.

See the LaTeX manual or LaTeX Companion for explanation.
Type  H <return>  for immediate help.
 ...                                              
                                                  
l.34 \[A] \[
            E]  \[B]	 % \[*D] per indicare le pennate, \rep{2} le ripetizioni
Your command was ignored.
Type  I <command> <return>  to replace it with another command,
or  <return>  to continue without it.


! LaTeX Error: Bad math environment delimiter.

See the LaTeX manual or LaTeX Companion for explanation.
Type  H <return>  for immediate help.
 ...                                              
                                                  
l.34 \[A] \[E]  \[
                  B]	 % \[*D] per indicare le pennate, \rep{2} le ripetizioni
Your command was ignored.
Type  I <command> <return>  to replace it with another command,
or  <return>  to continue without it.

! Missing $ inserted.
<inserted text> 
                $
l.35 
     
I've inserted a begin-math/end-math symbol since I think
you left one out. Proceed, with fingers crossed.

! Display math should end with $$.
<to be read again> 
                   \par 
l.35 
     
The `$' that I just saw supposedly matches a previous `$$'.
So I shall assume that you typed `$$' both times.


Overfull \hbox (31.8785pt too wide) detected at line 35
\OML/cmm/m/it/10 A\OT1/cmr/m/n/10 ]\OML/cmm/m/it/10 E\OT1/cmr/m/n/10 ]\OML/cmm/
m/it/10 B\OT1/cmr/m/n/10 ]
 []

! Undefined control sequence.
l.43 \endverse
              
The control sequence at the end of the top line
of your error message was never \def'ed. If you have
misspelled it (e.g., `\hobx'), type `I' and the correct
spelling (e.g., `I\hbox'). Otherwise just continue,
and I'll forget about whatever was undefined.

! Extra \fi.
l.44 \fi
        
I'm ignoring this; it doesn't match any \if.

! Undefined control sequence.
l.47 \beginchorus
                 
The control sequence at the end of the top line
of your error message was never \def'ed. If you have
misspelled it (e.g., `\hobx'), type `I' and the correct
spelling (e.g., `I\hbox'). Otherwise just continue,
and I'll forget about whatever was undefined.

! Undefined control sequence.
l.48 \textnote
              {\textbf{Rit.}}
The control sequence at the end of the top line
of your error message was never \def'ed. If you have
misspelled it (e.g., `\hobx'), type `I' and the correct
spelling (e.g., `I\hbox'). Otherwise just continue,
and I'll forget about whatever was undefined.


! LaTeX Error: Missing \begin{document}.

See the LaTeX manual or LaTeX Companion for explanation.
Type  H <return>  for immediate help.
 ...                                              
                                                  
l.48 \textnote{\textbf{Rit.}
                            }
You're in trouble here.  Try typing  <return>  to proceed.
If that doesn't work, type  X <return>  to quit.


Overfull \hbox (39.48601pt too wide) in paragraph at lines 48--49
[]\OT1/cmr/bx/n/10 Rit. 
 []


! LaTeX Error: Missing \begin{document}.

See the LaTeX manual or LaTeX Companion for explanation.
Type  H <return>  for immediate help.
 ...                                              
                                                  
l.50 \[
       E]Ora \[B]vado \[A]sulla mia \[E]strada
You're in trouble here.  Try typing  <return>  to proceed.
If that doesn't work, type  X <return>  to quit.


Overfull \hbox (20.0pt too wide) in paragraph at lines 50--50
[][] 
 []


! LaTeX Error: Bad math environment delimiter.

See the LaTeX manual or LaTeX Companion for explanation.
Type  H <return>  for immediate help.
 ...                                              
                                                  
l.50 \[E]Ora \[
               B]vado \[A]sulla mia \[E]strada
Your command was ignored.
Type  I <command> <return>  to replace it with another command,
or  <return>  to continue without it.


! LaTeX Error: Bad math environment delimiter.

See the LaTeX manual or LaTeX Companion for explanation.
Type  H <return>  for immediate help.
 ...                                              
                                                  
l.50 \[E]Ora \[B]vado \[
                        A]sulla mia \[E]strada
Your command was ignored.
Type  I <command> <return>  to replace it with another command,
or  <return>  to continue without it.


! LaTeX Error: Bad math environment delimiter.

See the LaTeX manual or LaTeX Companion for explanation.
Type  H <return>  for immediate help.
 ...                                              
                                                  
l.50 \[E]Ora \[B]vado \[A]sulla mia \[
                                      E]strada
Your command was ignored.
Type  I <command> <return>  to replace it with another command,
or  <return>  to continue without it.


! LaTeX Error: Bad math environment delimiter.

See the LaTeX manual or LaTeX Companion for explanation.
Type  H <return>  for immediate help.
 ...                                              
                                                  
l.51 \[
       F#-]con l'a\[G#-]more \[A]tuo che mi \[B]guida.
Your command was ignored.
Type  I <command> <return>  to replace it with another command,
or  <return>  to continue without it.

! You can't use `macro parameter character #' in display math mode.
l.51 \[F#
         -]con l'a\[G#-]more \[A]tuo che mi \[B]guida.
Sorry, but I'm not programmed to handle this case;
I'll just pretend that you didn't ask for it.
If you're in the wrong mode, you might be able to
return to the right one by typing `I}' or `I$' or `I\par'.


! LaTeX Error: Bad math environment delimiter.

See the LaTeX manual or LaTeX Companion for explanation.
Type  H <return>  for immediate help.
 ...                                              
                                                  
l.51 \[F#-]con l'a\[
                    G#-]more \[A]tuo che mi \[B]guida.
Your command was ignored.
Type  I <command> <return>  to replace it with another command,
or  <return>  to continue without it.

! You can't use `macro parameter character #' in display math mode.
l.51 \[F#-]con l'a\[G#
                      -]more \[A]tuo che mi \[B]guida.
Sorry, but I'm not programmed to handle this case;
I'll just pretend that you didn't ask for it.
If you're in the wrong mode, you might be able to
return to the right one by typing `I}' or `I$' or `I\par'.


! LaTeX Error: Bad math environment delimiter.

See the LaTeX manual or LaTeX Companion for explanation.
Type  H <return>  for immediate help.
 ...                                              
                                                  
l.51 \[F#-]con l'a\[G#-]more \[
                               A]tuo che mi \[B]guida.
Your command was ignored.
Type  I <command> <return>  to replace it with another command,
or  <return>  to continue without it.


! LaTeX Error: Bad math environment delimiter.

See the LaTeX manual or LaTeX Companion for explanation.
Type  H <return>  for immediate help.
 ...                                              
                                                  
l.51 \[F#-]con l'a\[G#-]more \[A]tuo che mi \[
                                              B]guida.
Your command was ignored.
Type  I <command> <return>  to replace it with another command,
or  <return>  to continue without it.


! LaTeX Error: Bad math environment delimiter.

See the LaTeX manual or LaTeX Companion for explanation.
Type  H <return>  for immediate help.
 ...                                              
                                                  
l.52 \[
       E]O Si\[B]gnore, o\[A]vunque io \[E]vada,
Your command was ignored.
Type  I <command> <return>  to replace it with another command,
or  <return>  to continue without it.


! LaTeX Error: Bad math environment delimiter.

See the LaTeX manual or LaTeX Companion for explanation.
Type  H <return>  for immediate help.
 ...                                              
                                                  
l.52 \[E]O Si\[
               B]gnore, o\[A]vunque io \[E]vada,
Your command was ignored.
Type  I <command> <return>  to replace it with another command,
or  <return>  to continue without it.


! LaTeX Error: Bad math environment delimiter.

See the LaTeX manual or LaTeX Companion for explanation.
Type  H <return>  for immediate help.
 ...                                              
                                                  
l.52 \[E]O Si\[B]gnore, o\[
                           A]vunque io \[E]vada,
Your command was ignored.
Type  I <command> <return>  to replace it with another command,
or  <return>  to continue without it.


! LaTeX Error: Bad math environment delimiter.

See the LaTeX manual or LaTeX Companion for explanation.
Type  H <return>  for immediate help.
 ...                                              
                                                  
l.52 \[E]O Si\[B]gnore, o\[A]vunque io \[
                                         E]vada,
Your command was ignored.
Type  I <command> <return>  to replace it with another command,
or  <return>  to continue without it.


! LaTeX Error: Bad math environment delimiter.

See the LaTeX manual or LaTeX Companion for explanation.
Type  H <return>  for immediate help.
 ...                                              
                                                  
l.53 \[
       A]resta ac\[B]canto a \[E]me.
Your command was ignored.
Type  I <command> <return>  to replace it with another command,
or  <return>  to continue without it.


! LaTeX Error: Bad math environment delimiter.

See the LaTeX manual or LaTeX Companion for explanation.
Type  H <return>  for immediate help.
 ...                                              
                                                  
l.53 \[A]resta ac\[
                   B]canto a \[E]me.
Your command was ignored.
Type  I <command> <return>  to replace it with another command,
or  <return>  to continue without it.


! LaTeX Error: Bad math environment delimiter.

See the LaTeX manual or LaTeX Companion for explanation.
Type  H <return>  for immediate help.
 ...                                              
                                                  
l.53 \[A]resta ac\[B]canto a \[
                               E]me.
Your command was ignored.
Type  I <command> <return>  to replace it with another command,
or  <return>  to continue without it.


! LaTeX Error: Bad math environment delimiter.

See the LaTeX manual or LaTeX Companion for explanation.
Type  H <return>  for immediate help.
 ...                                              
                                                  
l.54 \[
       E]Io ti \[B]prego, \[A]stammi vi\[E]cino
Your command was ignored.
Type  I <command> <return>  to replace it with another command,
or  <return>  to continue without it.


! LaTeX Error: Bad math environment delimiter.

See the LaTeX manual or LaTeX Companion for explanation.
Type  H <return>  for immediate help.
 ...                                              
                                                  
l.54 \[E]Io ti \[
                 B]prego, \[A]stammi vi\[E]cino
Your command was ignored.
Type  I <command> <return>  to replace it with another command,
or  <return>  to continue without it.


! LaTeX Error: Bad math environment delimiter.

See the LaTeX manual or LaTeX Companion for explanation.
Type  H <return>  for immediate help.
 ...                                              
                                                  
l.54 \[E]Io ti \[B]prego, \[
                            A]stammi vi\[E]cino
Your command was ignored.
Type  I <command> <return>  to replace it with another command,
or  <return>  to continue without it.


! LaTeX Error: Bad math environment delimiter.

See the LaTeX manual or LaTeX Companion for explanation.
Type  H <return>  for immediate help.
 ...                                              
                                                  
l.54 \[E]Io ti \[B]prego, \[A]stammi vi\[
                                         E]cino
Your command was ignored.
Type  I <command> <return>  to replace it with another command,
or  <return>  to continue without it.


! LaTeX Error: Bad math environment delimiter.

See the LaTeX manual or LaTeX Companion for explanation.
Type  H <return>  for immediate help.
 ...                                              
                                                  
l.55 \[
       F#-]ogni \[G#-]passo \[A]del mio cam\[B]mino,
Your command was ignored.
Type  I <command> <return>  to replace it with another command,
or  <return>  to continue without it.

! You can't use `macro parameter character #' in display math mode.
l.55 \[F#
         -]ogni \[G#-]passo \[A]del mio cam\[B]mino,
Sorry, but I'm not programmed to handle this case;
I'll just pretend that you didn't ask for it.
If you're in the wrong mode, you might be able to
return to the right one by typing `I}' or `I$' or `I\par'.


! LaTeX Error: Bad math environment delimiter.

See the LaTeX manual or LaTeX Companion for explanation.
Type  H <return>  for immediate help.
 ...                                              
                                                  
l.55 \[F#-]ogni \[
                  G#-]passo \[A]del mio cam\[B]mino,
Your command was ignored.
Type  I <command> <return>  to replace it with another command,
or  <return>  to continue without it.

! You can't use `macro parameter character #' in display math mode.
l.55 \[F#-]ogni \[G#
                    -]passo \[A]del mio cam\[B]mino,
Sorry, but I'm not programmed to handle this case;
I'll just pretend that you didn't ask for it.
If you're in the wrong mode, you might be able to
return to the right one by typing `I}' or `I$' or `I\par'.


! LaTeX Error: Bad math environment delimiter.

See the LaTeX manual or LaTeX Companion for explanation.
Type  H <return>  for immediate help.
 ...                                              
                                                  
l.55 \[F#-]ogni \[G#-]passo \[
                              A]del mio cam\[B]mino,
Your command was ignored.
Type  I <command> <return>  to replace it with another command,
or  <return>  to continue without it.


! LaTeX Error: Bad math environment delimiter.

See the LaTeX manual or LaTeX Companion for explanation.
Type  H <return>  for immediate help.
 ...                                              
                                                  
l.55 \[F#-]ogni \[G#-]passo \[A]del mio cam\[
                                             B]mino,
Your command was ignored.
Type  I <command> <return>  to replace it with another command,
or  <return>  to continue without it.


! LaTeX Error: Bad math environment delimiter.

See the LaTeX manual or LaTeX Companion for explanation.
Type  H <return>  for immediate help.
 ...                                              
                                                  
l.56 \[
       E]ogni \[B]notte, \[A]ogni mat\[E]tino,
Your command was ignored.
Type  I <command> <return>  to replace it with another command,
or  <return>  to continue without it.


! LaTeX Error: Bad math environment delimiter.

See the LaTeX manual or LaTeX Companion for explanation.
Type  H <return>  for immediate help.
 ...                                              
                                                  
l.56 \[E]ogni \[
                B]notte, \[A]ogni mat\[E]tino,
Your command was ignored.
Type  I <command> <return>  to replace it with another command,
or  <return>  to continue without it.


! LaTeX Error: Bad math environment delimiter.

See the LaTeX manual or LaTeX Companion for explanation.
Type  H <return>  for immediate help.
 ...                                              
                                                  
l.56 \[E]ogni \[B]notte, \[
                           A]ogni mat\[E]tino,
Your command was ignored.
Type  I <command> <return>  to replace it with another command,
or  <return>  to continue without it.


! LaTeX Error: Bad math environment delimiter.

See the LaTeX manual or LaTeX Companion for explanation.
Type  H <return>  for immediate help.
 ...                                              
                                                  
l.56 \[E]ogni \[B]notte, \[A]ogni mat\[
                                       E]tino,
Your command was ignored.
Type  I <command> <return>  to replace it with another command,
or  <return>  to continue without it.


! LaTeX Error: Bad math environment delimiter.

See the LaTeX manual or LaTeX Companion for explanation.
Type  H <return>  for immediate help.
 ...                                              
                                                  
l.57 \[
       A]resta ac\[B]canto a \[E]me.
Your command was ignored.
Type  I <command> <return>  to replace it with another command,
or  <return>  to continue without it.


! LaTeX Error: Bad math environment delimiter.

See the LaTeX manual or LaTeX Companion for explanation.
Type  H <return>  for immediate help.
 ...                                              
                                                  
l.57 \[A]resta ac\[
                   B]canto a \[E]me.
Your command was ignored.
Type  I <command> <return>  to replace it with another command,
or  <return>  to continue without it.


! LaTeX Error: Bad math environment delimiter.

See the LaTeX manual or LaTeX Companion for explanation.
Type  H <return>  for immediate help.
 ...                                              
                                                  
l.57 \[A]resta ac\[B]canto a \[
                               E]me.
Your command was ignored.
Type  I <command> <return>  to replace it with another command,
or  <return>  to continue without it.

! Missing $ inserted.
<inserted text> 
                $
l.58 
     
I've inserted a begin-math/end-math symbol since I think
you left one out. Proceed, with fingers crossed.

! Display math should end with $$.
<to be read again> 
                   \par 
l.58 
     
The `$' that I just saw supposedly matches a previous `$$'.
So I shall assume that you typed `$$' both times.


Overfull \hbox (1184.23466pt too wide) detected at line 58
\OML/cmm/m/it/10 E\OT1/cmr/m/n/10 ]\OML/cmm/m/it/10 OraB\OT1/cmr/m/n/10 ]\OML/c
mm/m/it/10 vadoA\OT1/cmr/m/n/10 ]\OML/cmm/m/it/10 sullamiaE\OT1/cmr/m/n/10 ]\OM
L/cmm/m/it/10 stradaF\OMS/cmsy/m/n/10 ^^@\OT1/cmr/m/n/10 ]\OML/cmm/m/it/10 conl
[]aG\OMS/cmsy/m/n/10 ^^@\OT1/cmr/m/n/10 ]\OML/cmm/m/it/10 moreA\OT1/cmr/m/n/10 
]\OML/cmm/m/it/10 tuochemiB\OT1/cmr/m/n/10 ]\OML/cmm/m/it/10 guida:E\OT1/cmr/m/
n/10 ]\OML/cmm/m/it/10 OSiB\OT1/cmr/m/n/10 ]\OML/cmm/m/it/10 gnore; oA\OT1/cmr/
m/n/10 ]\OML/cmm/m/it/10 vunqueioE\OT1/cmr/m/n/10 ]\OML/cmm/m/it/10 vada; A\OT1
/cmr/m/n/10 ]\OML/cmm/m/it/10 restaacB\OT1/cmr/m/n/10 ]\OML/cmm/m/it/10 cantoaE
\OT1/cmr/m/n/10 ]\OML/cmm/m/it/10 me:E\OT1/cmr/m/n/10 ]\OML/cmm/m/it/10 IotiB\O
T1/cmr/m/n/10 ]\OML/cmm/m/it/10 prego; A\OT1/cmr/m/n/10 ]\OML/cmm/m/it/10 stamm
iviE\OT1/cmr/m/n/10 ]\OML/cmm/m/it/10 cinoF\OMS/cmsy/m/n/10 ^^@\OT1/cmr/m/n/10 
]\OML/cmm/m/it/10 ogniG\OMS/cmsy/m/n/10 ^^@\OT1/cmr/m/n/10 ]\OML/cmm/m/it/10 pa
ssoA\OT1/cmr/m/n/10 ]\OML/cmm/m/it/10 delmiocamB\OT1/cmr/m/n/10 ]\OML/cmm/m/it/
10 mino; E\OT1/cmr/m/n/10 ]\OML/cmm/m/it/10 ogniB\OT1/cmr/m/n/10 ]\OML/cmm/m/it
/10 notte; A\OT1/cmr/m/n/10 ]\OML/cmm/m/it/10 ognimatE\OT1/cmr/m/n/10 ]\OML/cmm
/m/it/10 tino; A\OT1/cmr/m/n/10 ]\OML/cmm/m/it/10 restaacB\OT1/cmr/m/n/10 ]\OML
/cmm/m/it/10 cantoaE\OT1/cmr/m/n/10 ]\OML/cmm/m/it/10 me:
 []

! Undefined control sequence.
l.59 \endchorus
               
The control sequence at the end of the top line
of your error message was never \def'ed. If you have
misspelled it (e.g., `\hobx'), type `I' and the correct
spelling (e.g., `I\hbox'). Otherwise just continue,
and I'll forget about whatever was undefined.

! Undefined control sequence.
l.62 \beginverse
                		%Oppure \beginverse* se non si vuole il numero di fianco
The control sequence at the end of the top line
of your error message was never \def'ed. If you have
misspelled it (e.g., `\hobx'), type `I' and the correct
spelling (e.g., `I\hbox'). Otherwise just continue,
and I'll forget about whatever was undefined.

! Undefined control sequence.
l.63 \memorize
               		% <<< DECOMMENTA se si vuole utilizzarne la funzione
The control sequence at the end of the top line
of your error message was never \def'ed. If you have
misspelled it (e.g., `\hobx'), type `I' and the correct
spelling (e.g., `I\hbox'). Otherwise just continue,
and I'll forget about whatever was undefined.


! LaTeX Error: Missing \begin{document}.

See the LaTeX manual or LaTeX Companion for explanation.
Type  H <return>  for immediate help.
 ...                                              
                                                  
l.66 \[
       B]Il tuo sguardo \[A]puro sia luce per \[C#-]me
You're in trouble here.  Try typing  <return>  to proceed.
If that doesn't work, type  X <return>  to quit.


Overfull \hbox (20.0pt too wide) in paragraph at lines 66--66
[][] 
 []


! LaTeX Error: Bad math environment delimiter.

See the LaTeX manual or LaTeX Companion for explanation.
Type  H <return>  for immediate help.
 ...                                              
                                                  
l.66 \[B]Il tuo sguardo \[
                          A]puro sia luce per \[C#-]me
Your command was ignored.
Type  I <command> <return>  to replace it with another command,
or  <return>  to continue without it.


! LaTeX Error: Bad math environment delimiter.

See the LaTeX manual or LaTeX Companion for explanation.
Type  H <return>  for immediate help.
 ...                                              
                                                  
l.66 \[B]Il tuo sguardo \[A]puro sia luce per \[
                                                C#-]me
Your command was ignored.
Type  I <command> <return>  to replace it with another command,
or  <return>  to continue without it.

! You can't use `macro parameter character #' in display math mode.
l.66 \[B]Il tuo sguardo \[A]puro sia luce per \[C#
                                                  -]me
Sorry, but I'm not programmed to handle this case;
I'll just pretend that you didn't ask for it.
If you're in the wrong mode, you might be able to
return to the right one by typing `I}' or `I$' or `I\par'.


! LaTeX Error: Bad math environment delimiter.

See the LaTeX manual or LaTeX Companion for explanation.
Type  H <return>  for immediate help.
 ...                                              
                                                  
l.67 \[
       B]e la tua Pa\[A]rola sia voce per \[E]me.
Your command was ignored.
Type  I <command> <return>  to replace it with another command,
or  <return>  to continue without it.


! LaTeX Error: Bad math environment delimiter.

See the LaTeX manual or LaTeX Companion for explanation.
Type  H <return>  for immediate help.
 ...                                              
                                                  
l.67 \[B]e la tua Pa\[
                      A]rola sia voce per \[E]me.
Your command was ignored.
Type  I <command> <return>  to replace it with another command,
or  <return>  to continue without it.


! LaTeX Error: Bad math environment delimiter.

See the LaTeX manual or LaTeX Companion for explanation.
Type  H <return>  for immediate help.
 ...                                              
                                                  
l.67 \[B]e la tua Pa\[A]rola sia voce per \[
                                            E]me.
Your command was ignored.
Type  I <command> <return>  to replace it with another command,
or  <return>  to continue without it.


! LaTeX Error: Bad math environment delimiter.

See the LaTeX manual or LaTeX Companion for explanation.
Type  H <return>  for immediate help.
 ...                                              
                                                  
l.68 \[
       A]Che io trovi il \[B]senso del mio andare
Your command was ignored.
Type  I <command> <return>  to replace it with another command,
or  <return>  to continue without it.


! LaTeX Error: Bad math environment delimiter.

See the LaTeX manual or LaTeX Companion for explanation.
Type  H <return>  for immediate help.
 ...                                              
                                                  
l.68 \[A]Che io trovi il \[
                           B]senso del mio andare
Your command was ignored.
Type  I <command> <return>  to replace it with another command,
or  <return>  to continue without it.


! LaTeX Error: Bad math environment delimiter.

See the LaTeX manual or LaTeX Companion for explanation.
Type  H <return>  for immediate help.
 ...                                              
                                                  
l.69 \[
       C#-]so\[B]lo in \[E]te, nel \[B]tuo fedele amare il mio per\[E]ch√©.
Your command was ignored.
Type  I <command> <return>  to replace it with another command,
or  <return>  to continue without it.

! You can't use `macro parameter character #' in display math mode.
l.69 \[C#
         -]so\[B]lo in \[E]te, nel \[B]tuo fedele amare il mio per\[E]ch√©.
Sorry, but I'm not programmed to handle this case;
I'll just pretend that you didn't ask for it.
If you're in the wrong mode, you might be able to
return to the right one by typing `I}' or `I$' or `I\par'.


! LaTeX Error: Bad math environment delimiter.

See the LaTeX manual or LaTeX Companion for explanation.
Type  H <return>  for immediate help.
 ...                                              
                                                  
l.69 \[C#-]so\[
               B]lo in \[E]te, nel \[B]tuo fedele amare il mio per\[E]ch√©.
Your command was ignored.
Type  I <command> <return>  to replace it with another command,
or  <return>  to continue without it.


! LaTeX Error: Bad math environment delimiter.

See the LaTeX manual or LaTeX Companion for explanation.
Type  H <return>  for immediate help.
 ...                                              
                                                  
l.69 \[C#-]so\[B]lo in \[
                         E]te, nel \[B]tuo fedele amare il mio per\[E]ch√©.
Your command was ignored.
Type  I <command> <return>  to replace it with another command,
or  <return>  to continue without it.


! LaTeX Error: Bad math environment delimiter.

See the LaTeX manual or LaTeX Companion for explanation.
Type  H <return>  for immediate help.
 ...                                              
                                                  
l.69 \[C#-]so\[B]lo in \[E]te, nel \[
                                     B]tuo fedele amare il mio per\[E]ch√©.
Your command was ignored.
Type  I <command> <return>  to replace it with another command,
or  <return>  to continue without it.


! LaTeX Error: Bad math environment delimiter.

See the LaTeX manual or LaTeX Companion for explanation.
Type  H <return>  for immediate help.
 ...                                              
                                                  
l.69 ...]te, nel \[B]tuo fedele amare il mio per\[
                                                  E]ch√©.
Your command was ignored.
Type  I <command> <return>  to replace it with another command,
or  <return>  to continue without it.

! Missing $ inserted.
<inserted text> 
                $
l.70 
     
I've inserted a begin-math/end-math symbol since I think
you left one out. Proceed, with fingers crossed.

! Display math should end with $$.
<to be read again> 
                   \par 
l.70 
     
The `$' that I just saw supposedly matches a previous `$$'.
So I shall assume that you typed `$$' both times.

Missing character: There is no √ in font cmr10!
Missing character: There is no © in font cmr10!

Overfull \hbox (731.34177pt too wide) detected at line 70
\OML/cmm/m/it/10 B\OT1/cmr/m/n/10 ]\OML/cmm/m/it/10 IltuosguardoA\OT1/cmr/m/n/1
0 ]\OML/cmm/m/it/10 purosialuceperC\OMS/cmsy/m/n/10 ^^@\OT1/cmr/m/n/10 ]\OML/cm
m/m/it/10 meB\OT1/cmr/m/n/10 ]\OML/cmm/m/it/10 elatuaPaA\OT1/cmr/m/n/10 ]\OML/c
mm/m/it/10 rolasiavoceperE\OT1/cmr/m/n/10 ]\OML/cmm/m/it/10 me:A\OT1/cmr/m/n/10
 ]\OML/cmm/m/it/10 CheiotroviilB\OT1/cmr/m/n/10 ]\OML/cmm/m/it/10 sensodelmioan
dareC\OMS/cmsy/m/n/10 ^^@\OT1/cmr/m/n/10 ]\OML/cmm/m/it/10 soB\OT1/cmr/m/n/10 ]
\OML/cmm/m/it/10 loinE\OT1/cmr/m/n/10 ]\OML/cmm/m/it/10 te; nelB\OT1/cmr/m/n/10
 ]\OML/cmm/m/it/10 tuofedeleamareilmioperE\OT1/cmr/m/n/10 ]\OML/cmm/m/it/10 ch:

 []

! Undefined control sequence.
l.71 \endverse
              
The control sequence at the end of the top line
of your error message was never \def'ed. If you have
misspelled it (e.g., `\hobx'), type `I' and the correct
spelling (e.g., `I\hbox'). Otherwise just continue,
and I'll forget about whatever was undefined.

! Undefined control sequence.
l.74 \beginchorus
                 
The control sequence at the end of the top line
of your error message was never \def'ed. If you have
misspelled it (e.g., `\hobx'), type `I' and the correct
spelling (e.g., `I\hbox'). Otherwise just continue,
and I'll forget about whatever was undefined.

! Undefined control sequence.
l.75 \textnote
              {\textbf{Rit.}}
The control sequence at the end of the top line
of your error message was never \def'ed. If you have
misspelled it (e.g., `\hobx'), type `I' and the correct
spelling (e.g., `I\hbox'). Otherwise just continue,
and I'll forget about whatever was undefined.


! LaTeX Error: Missing \begin{document}.

See the LaTeX manual or LaTeX Companion for explanation.
Type  H <return>  for immediate help.
 ...                                              
                                                  
l.75 \textnote{\textbf{Rit.}
                            }
You're in trouble here.  Try typing  <return>  to proceed.
If that doesn't work, type  X <return>  to quit.


Overfull \hbox (39.48601pt too wide) in paragraph at lines 75--76
[]\OT1/cmr/bx/n/10 Rit. 
 []


! LaTeX Error: Missing \begin{document}.

See the LaTeX manual or LaTeX Companion for explanation.
Type  H <return>  for immediate help.
 ...                                              
                                                  
l.77 \[
       E]Ora \[B]vado \[A]sulla mia \[E]strada
You're in trouble here.  Try typing  <return>  to proceed.
If that doesn't work, type  X <return>  to quit.


Overfull \hbox (20.0pt too wide) in paragraph at lines 77--77
[][] 
 []


! LaTeX Error: Bad math environment delimiter.

See the LaTeX manual or LaTeX Companion for explanation.
Type  H <return>  for immediate help.
 ...                                              
                                                  
l.77 \[E]Ora \[
               B]vado \[A]sulla mia \[E]strada
Your command was ignored.
Type  I <command> <return>  to replace it with another command,
or  <return>  to continue without it.


! LaTeX Error: Bad math environment delimiter.

See the LaTeX manual or LaTeX Companion for explanation.
Type  H <return>  for immediate help.
 ...                                              
                                                  
l.77 \[E]Ora \[B]vado \[
                        A]sulla mia \[E]strada
Your command was ignored.
Type  I <command> <return>  to replace it with another command,
or  <return>  to continue without it.


! LaTeX Error: Bad math environment delimiter.

See the LaTeX manual or LaTeX Companion for explanation.
Type  H <return>  for immediate help.
 ...                                              
                                                  
l.77 \[E]Ora \[B]vado \[A]sulla mia \[
                                      E]strada
Your command was ignored.
Type  I <command> <return>  to replace it with another command,
or  <return>  to continue without it.


! LaTeX Error: Bad math environment delimiter.

See the LaTeX manual or LaTeX Companion for explanation.
Type  H <return>  for immediate help.
 ...                                              
                                                  
l.78 \[
       F#-]con l'a\[G#-]more \[A]tuo che mi \[B]guida.
Your command was ignored.
Type  I <command> <return>  to replace it with another command,
or  <return>  to continue without it.

! You can't use `macro parameter character #' in display math mode.
l.78 \[F#
         -]con l'a\[G#-]more \[A]tuo che mi \[B]guida.
Sorry, but I'm not programmed to handle this case;
I'll just pretend that you didn't ask for it.
If you're in the wrong mode, you might be able to
return to the right one by typing `I}' or `I$' or `I\par'.


! LaTeX Error: Bad math environment delimiter.

See the LaTeX manual or LaTeX Companion for explanation.
Type  H <return>  for immediate help.
 ...                                              
                                                  
l.78 \[F#-]con l'a\[
                    G#-]more \[A]tuo che mi \[B]guida.
Your command was ignored.
Type  I <command> <return>  to replace it with another command,
or  <return>  to continue without it.

! You can't use `macro parameter character #' in display math mode.
l.78 \[F#-]con l'a\[G#
                      -]more \[A]tuo che mi \[B]guida.
Sorry, but I'm not programmed to handle this case;
I'll just pretend that you didn't ask for it.
If you're in the wrong mode, you might be able to
return to the right one by typing `I}' or `I$' or `I\par'.


! LaTeX Error: Bad math environment delimiter.

See the LaTeX manual or LaTeX Companion for explanation.
Type  H <return>  for immediate help.
 ...                                              
                                                  
l.78 \[F#-]con l'a\[G#-]more \[
                               A]tuo che mi \[B]guida.
Your command was ignored.
Type  I <command> <return>  to replace it with another command,
or  <return>  to continue without it.


! LaTeX Error: Bad math environment delimiter.

See the LaTeX manual or LaTeX Companion for explanation.
Type  H <return>  for immediate help.
 ...                                              
                                                  
l.78 \[F#-]con l'a\[G#-]more \[A]tuo che mi \[
                                              B]guida.
Your command was ignored.
Type  I <command> <return>  to replace it with another command,
or  <return>  to continue without it.


! LaTeX Error: Bad math environment delimiter.

See the LaTeX manual or LaTeX Companion for explanation.
Type  H <return>  for immediate help.
 ...                                              
                                                  
l.79 \[
       E]O Si\[B]gnore, o\[A]vunque io \[E]vada,
Your command was ignored.
Type  I <command> <return>  to replace it with another command,
or  <return>  to continue without it.


! LaTeX Error: Bad math environment delimiter.

See the LaTeX manual or LaTeX Companion for explanation.
Type  H <return>  for immediate help.
 ...                                              
                                                  
l.79 \[E]O Si\[
               B]gnore, o\[A]vunque io \[E]vada,
Your command was ignored.
Type  I <command> <return>  to replace it with another command,
or  <return>  to continue without it.


! LaTeX Error: Bad math environment delimiter.

See the LaTeX manual or LaTeX Companion for explanation.
Type  H <return>  for immediate help.
 ...                                              
                                                  
l.79 \[E]O Si\[B]gnore, o\[
                           A]vunque io \[E]vada,
Your command was ignored.
Type  I <command> <return>  to replace it with another command,
or  <return>  to continue without it.


! LaTeX Error: Bad math environment delimiter.

See the LaTeX manual or LaTeX Companion for explanation.
Type  H <return>  for immediate help.
 ...                                              
                                                  
l.79 \[E]O Si\[B]gnore, o\[A]vunque io \[
                                         E]vada,
Your command was ignored.
Type  I <command> <return>  to replace it with another command,
or  <return>  to continue without it.


! LaTeX Error: Bad math environment delimiter.

See the LaTeX manual or LaTeX Companion for explanation.
Type  H <return>  for immediate help.
 ...                                              
                                                  
l.80 \[
       A]resta ac\[B]canto a \[E]me.
Your command was ignored.
Type  I <command> <return>  to replace it with another command,
or  <return>  to continue without it.


! LaTeX Error: Bad math environment delimiter.

See the LaTeX manual or LaTeX Companion for explanation.
Type  H <return>  for immediate help.
 ...                                              
                                                  
l.80 \[A]resta ac\[
                   B]canto a \[E]me.
Your command was ignored.
Type  I <command> <return>  to replace it with another command,
or  <return>  to continue without it.


! LaTeX Error: Bad math environment delimiter.

See the LaTeX manual or LaTeX Companion for explanation.
Type  H <return>  for immediate help.
 ...                                              
                                                  
l.80 \[A]resta ac\[B]canto a \[
                               E]me.
Your command was ignored.
Type  I <command> <return>  to replace it with another command,
or  <return>  to continue without it.


! LaTeX Error: Bad math environment delimiter.

See the LaTeX manual or LaTeX Companion for explanation.
Type  H <return>  for immediate help.
 ...                                              
                                                  
l.81 \[
       E]Io ti \[B]prego, \[A]stammi vi\[E]cino
Your command was ignored.
Type  I <command> <return>  to replace it with another command,
or  <return>  to continue without it.


! LaTeX Error: Bad math environment delimiter.

See the LaTeX manual or LaTeX Companion for explanation.
Type  H <return>  for immediate help.
 ...                                              
                                                  
l.81 \[E]Io ti \[
                 B]prego, \[A]stammi vi\[E]cino
Your command was ignored.
Type  I <command> <return>  to replace it with another command,
or  <return>  to continue without it.


! LaTeX Error: Bad math environment delimiter.

See the LaTeX manual or LaTeX Companion for explanation.
Type  H <return>  for immediate help.
 ...                                              
                                                  
l.81 \[E]Io ti \[B]prego, \[
                            A]stammi vi\[E]cino
Your command was ignored.
Type  I <command> <return>  to replace it with another command,
or  <return>  to continue without it.


! LaTeX Error: Bad math environment delimiter.

See the LaTeX manual or LaTeX Companion for explanation.
Type  H <return>  for immediate help.
 ...                                              
                                                  
l.81 \[E]Io ti \[B]prego, \[A]stammi vi\[
                                         E]cino
Your command was ignored.
Type  I <command> <return>  to replace it with another command,
or  <return>  to continue without it.


! LaTeX Error: Bad math environment delimiter.

See the LaTeX manual or LaTeX Companion for explanation.
Type  H <return>  for immediate help.
 ...                                              
                                                  
l.82 \[
       F#-]ogni \[G#-]passo \[A]del mio cam\[B]mino,
Your command was ignored.
Type  I <command> <return>  to replace it with another command,
or  <return>  to continue without it.

! You can't use `macro parameter character #' in display math mode.
l.82 \[F#
         -]ogni \[G#-]passo \[A]del mio cam\[B]mino,
Sorry, but I'm not programmed to handle this case;
I'll just pretend that you didn't ask for it.
If you're in the wrong mode, you might be able to
return to the right one by typing `I}' or `I$' or `I\par'.


! LaTeX Error: Bad math environment delimiter.

See the LaTeX manual or LaTeX Companion for explanation.
Type  H <return>  for immediate help.
 ...                                              
                                                  
l.82 \[F#-]ogni \[
                  G#-]passo \[A]del mio cam\[B]mino,
Your command was ignored.
Type  I <command> <return>  to replace it with another command,
or  <return>  to continue without it.

! You can't use `macro parameter character #' in display math mode.
l.82 \[F#-]ogni \[G#
                    -]passo \[A]del mio cam\[B]mino,
Sorry, but I'm not programmed to handle this case;
I'll just pretend that you didn't ask for it.
If you're in the wrong mode, you might be able to
return to the right one by typing `I}' or `I$' or `I\par'.


! LaTeX Error: Bad math environment delimiter.

See the LaTeX manual or LaTeX Companion for explanation.
Type  H <return>  for immediate help.
 ...                                              
                                                  
l.82 \[F#-]ogni \[G#-]passo \[
                              A]del mio cam\[B]mino,
Your command was ignored.
Type  I <command> <return>  to replace it with another command,
or  <return>  to continue without it.


! LaTeX Error: Bad math environment delimiter.

See the LaTeX manual or LaTeX Companion for explanation.
Type  H <return>  for immediate help.
 ...                                              
                                                  
l.82 \[F#-]ogni \[G#-]passo \[A]del mio cam\[
                                             B]mino,
Your command was ignored.
Type  I <command> <return>  to replace it with another command,
or  <return>  to continue without it.


! LaTeX Error: Bad math environment delimiter.

See the LaTeX manual or LaTeX Companion for explanation.
Type  H <return>  for immediate help.
 ...                                              
                                                  
l.83 \[
       E]ogni \[B]notte, \[A]ogni mat\[E]tino,
Your command was ignored.
Type  I <command> <return>  to replace it with another command,
or  <return>  to continue without it.


! LaTeX Error: Bad math environment delimiter.

See the LaTeX manual or LaTeX Companion for explanation.
Type  H <return>  for immediate help.
 ...                                              
                                                  
l.83 \[E]ogni \[
                B]notte, \[A]ogni mat\[E]tino,
Your command was ignored.
Type  I <command> <return>  to replace it with another command,
or  <return>  to continue without it.


! LaTeX Error: Bad math environment delimiter.

See the LaTeX manual or LaTeX Companion for explanation.
Type  H <return>  for immediate help.
 ...                                              
                                                  
l.83 \[E]ogni \[B]notte, \[
                           A]ogni mat\[E]tino,
Your command was ignored.
Type  I <command> <return>  to replace it with another command,
or  <return>  to continue without it.


! LaTeX Error: Bad math environment delimiter.

See the LaTeX manual or LaTeX Companion for explanation.
Type  H <return>  for immediate help.
 ...                                              
                                                  
l.83 \[E]ogni \[B]notte, \[A]ogni mat\[
                                       E]tino,
Your command was ignored.
Type  I <command> <return>  to replace it with another command,
or  <return>  to continue without it.


! LaTeX Error: Bad math environment delimiter.

See the LaTeX manual or LaTeX Companion for explanation.
Type  H <return>  for immediate help.
 ...                                              
                                                  
l.84 \[
       A]resta ac\[B]canto a \[E]me.
Your command was ignored.
Type  I <command> <return>  to replace it with another command,
or  <return>  to continue without it.


! LaTeX Error: Bad math environment delimiter.

See the LaTeX manual or LaTeX Companion for explanation.
Type  H <return>  for immediate help.
 ...                                              
                                                  
l.84 \[A]resta ac\[
                   B]canto a \[E]me.
Your command was ignored.
Type  I <command> <return>  to replace it with another command,
or  <return>  to continue without it.


! LaTeX Error: Bad math environment delimiter.

See the LaTeX manual or LaTeX Companion for explanation.
Type  H <return>  for immediate help.
 ...                                              
                                                  
l.84 \[A]resta ac\[B]canto a \[
                               E]me.
Your command was ignored.
Type  I <command> <return>  to replace it with another command,
or  <return>  to continue without it.

! Missing $ inserted.
<inserted text> 
                $
l.85 
     
I've inserted a begin-math/end-math symbol since I think
you left one out. Proceed, with fingers crossed.

! Display math should end with $$.
<to be read again> 
                   \par 
l.85 
     
The `$' that I just saw supposedly matches a previous `$$'.
So I shall assume that you typed `$$' both times.


Overfull \hbox (1184.23466pt too wide) detected at line 85
\OML/cmm/m/it/10 E\OT1/cmr/m/n/10 ]\OML/cmm/m/it/10 OraB\OT1/cmr/m/n/10 ]\OML/c
mm/m/it/10 vadoA\OT1/cmr/m/n/10 ]\OML/cmm/m/it/10 sullamiaE\OT1/cmr/m/n/10 ]\OM
L/cmm/m/it/10 stradaF\OMS/cmsy/m/n/10 ^^@\OT1/cmr/m/n/10 ]\OML/cmm/m/it/10 conl
[]aG\OMS/cmsy/m/n/10 ^^@\OT1/cmr/m/n/10 ]\OML/cmm/m/it/10 moreA\OT1/cmr/m/n/10 
]\OML/cmm/m/it/10 tuochemiB\OT1/cmr/m/n/10 ]\OML/cmm/m/it/10 guida:E\OT1/cmr/m/
n/10 ]\OML/cmm/m/it/10 OSiB\OT1/cmr/m/n/10 ]\OML/cmm/m/it/10 gnore; oA\OT1/cmr/
m/n/10 ]\OML/cmm/m/it/10 vunqueioE\OT1/cmr/m/n/10 ]\OML/cmm/m/it/10 vada; A\OT1
/cmr/m/n/10 ]\OML/cmm/m/it/10 restaacB\OT1/cmr/m/n/10 ]\OML/cmm/m/it/10 cantoaE
\OT1/cmr/m/n/10 ]\OML/cmm/m/it/10 me:E\OT1/cmr/m/n/10 ]\OML/cmm/m/it/10 IotiB\O
T1/cmr/m/n/10 ]\OML/cmm/m/it/10 prego; A\OT1/cmr/m/n/10 ]\OML/cmm/m/it/10 stamm
iviE\OT1/cmr/m/n/10 ]\OML/cmm/m/it/10 cinoF\OMS/cmsy/m/n/10 ^^@\OT1/cmr/m/n/10 
]\OML/cmm/m/it/10 ogniG\OMS/cmsy/m/n/10 ^^@\OT1/cmr/m/n/10 ]\OML/cmm/m/it/10 pa
ssoA\OT1/cmr/m/n/10 ]\OML/cmm/m/it/10 delmiocamB\OT1/cmr/m/n/10 ]\OML/cmm/m/it/
10 mino; E\OT1/cmr/m/n/10 ]\OML/cmm/m/it/10 ogniB\OT1/cmr/m/n/10 ]\OML/cmm/m/it
/10 notte; A\OT1/cmr/m/n/10 ]\OML/cmm/m/it/10 ognimatE\OT1/cmr/m/n/10 ]\OML/cmm
/m/it/10 tino; A\OT1/cmr/m/n/10 ]\OML/cmm/m/it/10 restaacB\OT1/cmr/m/n/10 ]\OML
/cmm/m/it/10 cantoaE\OT1/cmr/m/n/10 ]\OML/cmm/m/it/10 me:
 []

! Undefined control sequence.
l.86 \endchorus
               
The control sequence at the end of the top line
of your error message was never \def'ed. If you have
misspelled it (e.g., `\hobx'), type `I' and the correct
spelling (e.g., `I\hbox'). Otherwise just continue,
and I'll forget about whatever was undefined.

! Undefined control sequence.
l.89 \beginverse
                		%Oppure \beginverse* se non si vuole il numero di fianco
The control sequence at the end of the top line
of your error message was never \def'ed. If you have
misspelled it (e.g., `\hobx'), type `I' and the correct
spelling (e.g., `I\hbox'). Otherwise just continue,
and I'll forget about whatever was undefined.

! Missing $ inserted.
<inserted text> 
                $
l.93 ^
      Fa' che chi mi ^guarda non veda che ^te.
I've inserted a begin-math/end-math symbol since I think
you left one out. Proceed, with fingers crossed.


! LaTeX Error: Missing \begin{document}.

See the LaTeX manual or LaTeX Companion for explanation.
Type  H <return>  for immediate help.
 ...                                              
                                                  
l.93 ^
      Fa' che chi mi ^guarda non veda che ^te.
You're in trouble here.  Try typing  <return>  to proceed.
If that doesn't work, type  X <return>  to quit.

! Undefined control sequence.
l.96 ^pen^si a ^te e ^trovi quell'amore \brk
                                             che hai dato a ^me.
The control sequence at the end of the top line
of your error message was never \def'ed. If you have
misspelled it (e.g., `\hobx'), type `I' and the correct
spelling (e.g., `I\hbox'). Otherwise just continue,
and I'll forget about whatever was undefined.

! Undefined control sequence.
l.97 \endverse
              
The control sequence at the end of the top line
of your error message was never \def'ed. If you have
misspelled it (e.g., `\hobx'), type `I' and the correct
spelling (e.g., `I\hbox'). Otherwise just continue,
and I'll forget about whatever was undefined.

! Missing $ inserted.
<inserted text> 
                $
l.98 
     
I've inserted a begin-math/end-math symbol since I think
you left one out. Proceed, with fingers crossed.


Overfull \hbox (640.2399pt too wide) in paragraph at lines 93--98
[]$[]\OML/cmm/m/it/10 a[]chechimi[]uardanonvedache[]e:[]a[]chechimia[]coltanons
entache[]e;[] chipensaa[]e; fa[]chenelcuore[]en[]ia[]ee[]roviquell[]amorechehai
datoa[]e:$ 
 []

! Undefined control sequence.
l.100 \beginchorus
                  
The control sequence at the end of the top line
of your error message was never \def'ed. If you have
misspelled it (e.g., `\hobx'), type `I' and the correct
spelling (e.g., `I\hbox'). Otherwise just continue,
and I'll forget about whatever was undefined.

! Undefined control sequence.
l.101 \textnote
               {\textbf{Rit.}}
The control sequence at the end of the top line
of your error message was never \def'ed. If you have
misspelled it (e.g., `\hobx'), type `I' and the correct
spelling (e.g., `I\hbox'). Otherwise just continue,
and I'll forget about whatever was undefined.


! LaTeX Error: Missing \begin{document}.

See the LaTeX manual or LaTeX Companion for explanation.
Type  H <return>  for immediate help.
 ...                                              
                                                  
l.101 \textnote{\textbf{Rit.}
                             }
You're in trouble here.  Try typing  <return>  to proceed.
If that doesn't work, type  X <return>  to quit.


Overfull \hbox (39.48601pt too wide) in paragraph at lines 101--102
[]\OT1/cmr/bx/n/10 Rit. 
 []


! LaTeX Error: Missing \begin{document}.

See the LaTeX manual or LaTeX Companion for explanation.
Type  H <return>  for immediate help.
 ...                                              
                                                  
l.103 \[
        E]Ora \[B]vado \[A]sulla mia \[E]strada
You're in trouble here.  Try typing  <return>  to proceed.
If that doesn't work, type  X <return>  to quit.


Overfull \hbox (20.0pt too wide) in paragraph at lines 103--103
[][] 
 []


! LaTeX Error: Bad math environment delimiter.

See the LaTeX manual or LaTeX Companion for explanation.
Type  H <return>  for immediate help.
 ...                                              
                                                  
l.103 \[E]Ora \[
                B]vado \[A]sulla mia \[E]strada
Your command was ignored.
Type  I <command> <return>  to replace it with another command,
or  <return>  to continue without it.


! LaTeX Error: Bad math environment delimiter.

See the LaTeX manual or LaTeX Companion for explanation.
Type  H <return>  for immediate help.
 ...                                              
                                                  
l.103 \[E]Ora \[B]vado \[
                         A]sulla mia \[E]strada
Your command was ignored.
Type  I <command> <return>  to replace it with another command,
or  <return>  to continue without it.


! LaTeX Error: Bad math environment delimiter.

See the LaTeX manual or LaTeX Companion for explanation.
Type  H <return>  for immediate help.
 ...                                              
                                                  
l.103 \[E]Ora \[B]vado \[A]sulla mia \[
                                       E]strada
Your command was ignored.
Type  I <command> <return>  to replace it with another command,
or  <return>  to continue without it.


! LaTeX Error: Bad math environment delimiter.

See the LaTeX manual or LaTeX Companion for explanation.
Type  H <return>  for immediate help.
 ...                                              
                                                  
l.104 \[
        F#-]con l'a\[G#-]more \[A]tuo che mi \[B]guida.
Your command was ignored.
Type  I <command> <return>  to replace it with another command,
or  <return>  to continue without it.

! You can't use `macro parameter character #' in display math mode.
l.104 \[F#
          -]con l'a\[G#-]more \[A]tuo che mi \[B]guida.
Sorry, but I'm not programmed to handle this case;
I'll just pretend that you didn't ask for it.
If you're in the wrong mode, you might be able to
return to the right one by typing `I}' or `I$' or `I\par'.


! LaTeX Error: Bad math environment delimiter.

See the LaTeX manual or LaTeX Companion for explanation.
Type  H <return>  for immediate help.
 ...                                              
                                                  
l.104 \[F#-]con l'a\[
                     G#-]more \[A]tuo che mi \[B]guida.
Your command was ignored.
Type  I <command> <return>  to replace it with another command,
or  <return>  to continue without it.

! You can't use `macro parameter character #' in display math mode.
l.104 \[F#-]con l'a\[G#
                       -]more \[A]tuo che mi \[B]guida.
Sorry, but I'm not programmed to handle this case;
I'll just pretend that you didn't ask for it.
If you're in the wrong mode, you might be able to
return to the right one by typing `I}' or `I$' or `I\par'.


! LaTeX Error: Bad math environment delimiter.

See the LaTeX manual or LaTeX Companion for explanation.
Type  H <return>  for immediate help.
 ...                                              
                                                  
l.104 \[F#-]con l'a\[G#-]more \[
                                A]tuo che mi \[B]guida.
Your command was ignored.
Type  I <command> <return>  to replace it with another command,
or  <return>  to continue without it.


! LaTeX Error: Bad math environment delimiter.

See the LaTeX manual or LaTeX Companion for explanation.
Type  H <return>  for immediate help.
 ...                                              
                                                  
l.104 \[F#-]con l'a\[G#-]more \[A]tuo che mi \[
                                               B]guida.
Your command was ignored.
Type  I <command> <return>  to replace it with another command,
or  <return>  to continue without it.


! LaTeX Error: Bad math environment delimiter.

See the LaTeX manual or LaTeX Companion for explanation.
Type  H <return>  for immediate help.
 ...                                              
                                                  
l.105 \[
        E]O Si\[B]gnore, o\[A]vunque io \[E]vada,
Your command was ignored.
Type  I <command> <return>  to replace it with another command,
or  <return>  to continue without it.


! LaTeX Error: Bad math environment delimiter.

See the LaTeX manual or LaTeX Companion for explanation.
Type  H <return>  for immediate help.
 ...                                              
                                                  
l.105 \[E]O Si\[
                B]gnore, o\[A]vunque io \[E]vada,
Your command was ignored.
Type  I <command> <return>  to replace it with another command,
or  <return>  to continue without it.


! LaTeX Error: Bad math environment delimiter.

See the LaTeX manual or LaTeX Companion for explanation.
Type  H <return>  for immediate help.
 ...                                              
                                                  
l.105 \[E]O Si\[B]gnore, o\[
                            A]vunque io \[E]vada,
Your command was ignored.
Type  I <command> <return>  to replace it with another command,
or  <return>  to continue without it.


! LaTeX Error: Bad math environment delimiter.

See the LaTeX manual or LaTeX Companion for explanation.
Type  H <return>  for immediate help.
 ...                                              
                                                  
l.105 \[E]O Si\[B]gnore, o\[A]vunque io \[
                                          E]vada,
Your command was ignored.
Type  I <command> <return>  to replace it with another command,
or  <return>  to continue without it.


! LaTeX Error: Bad math environment delimiter.

See the LaTeX manual or LaTeX Companion for explanation.
Type  H <return>  for immediate help.
 ...                                              
                                                  
l.106 \[
        A]resta ac\[B]canto a \[E]me.
Your command was ignored.
Type  I <command> <return>  to replace it with another command,
or  <return>  to continue without it.


! LaTeX Error: Bad math environment delimiter.

See the LaTeX manual or LaTeX Companion for explanation.
Type  H <return>  for immediate help.
 ...                                              
                                                  
l.106 \[A]resta ac\[
                    B]canto a \[E]me.
Your command was ignored.
Type  I <command> <return>  to replace it with another command,
or  <return>  to continue without it.


! LaTeX Error: Bad math environment delimiter.

See the LaTeX manual or LaTeX Companion for explanation.
Type  H <return>  for immediate help.
 ...                                              
                                                  
l.106 \[A]resta ac\[B]canto a \[
                                E]me.
Your command was ignored.
Type  I <command> <return>  to replace it with another command,
or  <return>  to continue without it.


! LaTeX Error: Bad math environment delimiter.

See the LaTeX manual or LaTeX Companion for explanation.
Type  H <return>  for immediate help.
 ...                                              
                                                  
l.107 \[
        E]Io ti \[B]prego, \[A]stammi vi\[E]cino
Your command was ignored.
Type  I <command> <return>  to replace it with another command,
or  <return>  to continue without it.


! LaTeX Error: Bad math environment delimiter.

See the LaTeX manual or LaTeX Companion for explanation.
Type  H <return>  for immediate help.
 ...                                              
                                                  
l.107 \[E]Io ti \[
                  B]prego, \[A]stammi vi\[E]cino
Your command was ignored.
Type  I <command> <return>  to replace it with another command,
or  <return>  to continue without it.


! LaTeX Error: Bad math environment delimiter.

See the LaTeX manual or LaTeX Companion for explanation.
Type  H <return>  for immediate help.
 ...                                              
                                                  
l.107 \[E]Io ti \[B]prego, \[
                             A]stammi vi\[E]cino
Your command was ignored.
Type  I <command> <return>  to replace it with another command,
or  <return>  to continue without it.


! LaTeX Error: Bad math environment delimiter.

See the LaTeX manual or LaTeX Companion for explanation.
Type  H <return>  for immediate help.
 ...                                              
                                                  
l.107 \[E]Io ti \[B]prego, \[A]stammi vi\[
                                          E]cino
Your command was ignored.
Type  I <command> <return>  to replace it with another command,
or  <return>  to continue without it.


! LaTeX Error: Bad math environment delimiter.

See the LaTeX manual or LaTeX Companion for explanation.
Type  H <return>  for immediate help.
 ...                                              
                                                  
l.108 \[
        F#-]ogni \[G#-]passo \[A]del mio cam\[B]mino,
Your command was ignored.
Type  I <command> <return>  to replace it with another command,
or  <return>  to continue without it.

! You can't use `macro parameter character #' in display math mode.
l.108 \[F#
          -]ogni \[G#-]passo \[A]del mio cam\[B]mino,
Sorry, but I'm not programmed to handle this case;
I'll just pretend that you didn't ask for it.
If you're in the wrong mode, you might be able to
return to the right one by typing `I}' or `I$' or `I\par'.


! LaTeX Error: Bad math environment delimiter.

See the LaTeX manual or LaTeX Companion for explanation.
Type  H <return>  for immediate help.
 ...                                              
                                                  
l.108 \[F#-]ogni \[
                   G#-]passo \[A]del mio cam\[B]mino,
Your command was ignored.
Type  I <command> <return>  to replace it with another command,
or  <return>  to continue without it.

! You can't use `macro parameter character #' in display math mode.
l.108 \[F#-]ogni \[G#
                     -]passo \[A]del mio cam\[B]mino,
Sorry, but I'm not programmed to handle this case;
I'll just pretend that you didn't ask for it.
If you're in the wrong mode, you might be able to
return to the right one by typing `I}' or `I$' or `I\par'.


! LaTeX Error: Bad math environment delimiter.

See the LaTeX manual or LaTeX Companion for explanation.
Type  H <return>  for immediate help.
 ...                                              
                                                  
l.108 \[F#-]ogni \[G#-]passo \[
                               A]del mio cam\[B]mino,
Your command was ignored.
Type  I <command> <return>  to replace it with another command,
or  <return>  to continue without it.


! LaTeX Error: Bad math environment delimiter.

See the LaTeX manual or LaTeX Companion for explanation.
Type  H <return>  for immediate help.
 ...                                              
                                                  
l.108 \[F#-]ogni \[G#-]passo \[A]del mio cam\[
                                              B]mino,
Your command was ignored.
Type  I <command> <return>  to replace it with another command,
or  <return>  to continue without it.


! LaTeX Error: Bad math environment delimiter.

See the LaTeX manual or LaTeX Companion for explanation.
Type  H <return>  for immediate help.
 ...                                              
                                                  
l.109 \[
        E]ogni \[B]notte, \[A]ogni mat\[E]tino,
Your command was ignored.
Type  I <command> <return>  to replace it with another command,
or  <return>  to continue without it.


! LaTeX Error: Bad math environment delimiter.

See the LaTeX manual or LaTeX Companion for explanation.
Type  H <return>  for immediate help.
 ...                                              
                                                  
l.109 \[E]ogni \[
                 B]notte, \[A]ogni mat\[E]tino,
Your command was ignored.
Type  I <command> <return>  to replace it with another command,
or  <return>  to continue without it.


! LaTeX Error: Bad math environment delimiter.

See the LaTeX manual or LaTeX Companion for explanation.
Type  H <return>  for immediate help.
 ...                                              
                                                  
l.109 \[E]ogni \[B]notte, \[
                            A]ogni mat\[E]tino,
Your command was ignored.
Type  I <command> <return>  to replace it with another command,
or  <return>  to continue without it.


! LaTeX Error: Bad math environment delimiter.

See the LaTeX manual or LaTeX Companion for explanation.
Type  H <return>  for immediate help.
 ...                                              
                                                  
l.109 \[E]ogni \[B]notte, \[A]ogni mat\[
                                        E]tino,
Your command was ignored.
Type  I <command> <return>  to replace it with another command,
or  <return>  to continue without it.


! LaTeX Error: Bad math environment delimiter.

See the LaTeX manual or LaTeX Companion for explanation.
Type  H <return>  for immediate help.
 ...                                              
                                                  
l.110 \[
        A]resta ac\[B]canto a \[E]me.
Your command was ignored.
Type  I <command> <return>  to replace it with another command,
or  <return>  to continue without it.


! LaTeX Error: Bad math environment delimiter.

See the LaTeX manual or LaTeX Companion for explanation.
Type  H <return>  for immediate help.
 ...                                              
                                                  
l.110 \[A]resta ac\[
                    B]canto a \[E]me.
Your command was ignored.
Type  I <command> <return>  to replace it with another command,
or  <return>  to continue without it.


! LaTeX Error: Bad math environment delimiter.

See the LaTeX manual or LaTeX Companion for explanation.
Type  H <return>  for immediate help.
 ...                                              
                                                  
l.110 \[A]resta ac\[B]canto a \[
                                E]me.
Your command was ignored.
Type  I <command> <return>  to replace it with another command,
or  <return>  to continue without it.

! Missing $ inserted.
<inserted text> 
                $
l.111 
      
I've inserted a begin-math/end-math symbol since I think
you left one out. Proceed, with fingers crossed.

! Display math should end with $$.
<to be read again> 
                   \par 
l.111 
      
The `$' that I just saw supposedly matches a previous `$$'.
So I shall assume that you typed `$$' both times.


Overfull \hbox (1184.23466pt too wide) detected at line 111
\OML/cmm/m/it/10 E\OT1/cmr/m/n/10 ]\OML/cmm/m/it/10 OraB\OT1/cmr/m/n/10 ]\OML/c
mm/m/it/10 vadoA\OT1/cmr/m/n/10 ]\OML/cmm/m/it/10 sullamiaE\OT1/cmr/m/n/10 ]\OM
L/cmm/m/it/10 stradaF\OMS/cmsy/m/n/10 ^^@\OT1/cmr/m/n/10 ]\OML/cmm/m/it/10 conl
[]aG\OMS/cmsy/m/n/10 ^^@\OT1/cmr/m/n/10 ]\OML/cmm/m/it/10 moreA\OT1/cmr/m/n/10 
]\OML/cmm/m/it/10 tuochemiB\OT1/cmr/m/n/10 ]\OML/cmm/m/it/10 guida:E\OT1/cmr/m/
n/10 ]\OML/cmm/m/it/10 OSiB\OT1/cmr/m/n/10 ]\OML/cmm/m/it/10 gnore; oA\OT1/cmr/
m/n/10 ]\OML/cmm/m/it/10 vunqueioE\OT1/cmr/m/n/10 ]\OML/cmm/m/it/10 vada; A\OT1
/cmr/m/n/10 ]\OML/cmm/m/it/10 restaacB\OT1/cmr/m/n/10 ]\OML/cmm/m/it/10 cantoaE
\OT1/cmr/m/n/10 ]\OML/cmm/m/it/10 me:E\OT1/cmr/m/n/10 ]\OML/cmm/m/it/10 IotiB\O
T1/cmr/m/n/10 ]\OML/cmm/m/it/10 prego; A\OT1/cmr/m/n/10 ]\OML/cmm/m/it/10 stamm
iviE\OT1/cmr/m/n/10 ]\OML/cmm/m/it/10 cinoF\OMS/cmsy/m/n/10 ^^@\OT1/cmr/m/n/10 
]\OML/cmm/m/it/10 ogniG\OMS/cmsy/m/n/10 ^^@\OT1/cmr/m/n/10 ]\OML/cmm/m/it/10 pa
ssoA\OT1/cmr/m/n/10 ]\OML/cmm/m/it/10 delmiocamB\OT1/cmr/m/n/10 ]\OML/cmm/m/it/
10 mino; E\OT1/cmr/m/n/10 ]\OML/cmm/m/it/10 ogniB\OT1/cmr/m/n/10 ]\OML/cmm/m/it
/10 notte; A\OT1/cmr/m/n/10 ]\OML/cmm/m/it/10 ognimatE\OT1/cmr/m/n/10 ]\OML/cmm
/m/it/10 tino; A\OT1/cmr/m/n/10 ]\OML/cmm/m/it/10 restaacB\OT1/cmr/m/n/10 ]\OML
/cmm/m/it/10 cantoaE\OT1/cmr/m/n/10 ]\OML/cmm/m/it/10 me:
 []

! Undefined control sequence.
l.114 \beginchorus
                   %oppure \beginverse*
The control sequence at the end of the top line
of your error message was never \def'ed. If you have
misspelled it (e.g., `\hobx'), type `I' and the correct
spelling (e.g., `I\hbox'). Otherwise just continue,
and I'll forget about whatever was undefined.

! Undefined control sequence.
<argument> 1.3\versesep 
                        
l.115 \vspace*{1.3\versesep}
                            
The control sequence at the end of the top line
of your error message was never \def'ed. If you have
misspelled it (e.g., `\hobx'), type `I' and the correct
spelling (e.g., `I\hbox'). Otherwise just continue,
and I'll forget about whatever was undefined.

! Illegal unit of measure (pt inserted).
<to be read again> 
                   \vskip 
l.115 \vspace*{1.3\versesep}
                            
Dimensions can be in units of em, ex, in, pt, pc,
cm, mm, dd, cc, nd, nc, bp, or sp; but yours is a new one!
I'll assume that you meant to say pt, for printer's points.
To recover gracefully from this error, it's best to
delete the erroneous units; e.g., type `2' to delete
two letters. (See Chapter 27 of The TeXbook.)


! LaTeX Error: Missing \begin{document}.

See the LaTeX manual or LaTeX Companion for explanation.
Type  H <return>  for immediate help.
 ...                                              
                                                  
l.118 \[
        E]Ora \[B]vado \[A]sulla mia \[E]strada
You're in trouble here.  Try typing  <return>  to proceed.
If that doesn't work, type  X <return>  to quit.


Overfull \hbox (20.0pt too wide) in paragraph at lines 118--118
[][] 
 []


! LaTeX Error: Bad math environment delimiter.

See the LaTeX manual or LaTeX Companion for explanation.
Type  H <return>  for immediate help.
 ...                                              
                                                  
l.118 \[E]Ora \[
                B]vado \[A]sulla mia \[E]strada
Your command was ignored.
Type  I <command> <return>  to replace it with another command,
or  <return>  to continue without it.


! LaTeX Error: Bad math environment delimiter.

See the LaTeX manual or LaTeX Companion for explanation.
Type  H <return>  for immediate help.
 ...                                              
                                                  
l.118 \[E]Ora \[B]vado \[
                         A]sulla mia \[E]strada
Your command was ignored.
Type  I <command> <return>  to replace it with another command,
or  <return>  to continue without it.


! LaTeX Error: Bad math environment delimiter.

See the LaTeX manual or LaTeX Companion for explanation.
Type  H <return>  for immediate help.
 ...                                              
                                                  
l.118 \[E]Ora \[B]vado \[A]sulla mia \[
                                       E]strada
Your command was ignored.
Type  I <command> <return>  to replace it with another command,
or  <return>  to continue without it.


! LaTeX Error: Bad math environment delimiter.

See the LaTeX manual or LaTeX Companion for explanation.
Type  H <return>  for immediate help.
 ...                                              
                                                  
l.119 \[
        A]resta ac\[B]canto a \[E]me.
Your command was ignored.
Type  I <command> <return>  to replace it with another command,
or  <return>  to continue without it.


! LaTeX Error: Bad math environment delimiter.

See the LaTeX manual or LaTeX Companion for explanation.
Type  H <return>  for immediate help.
 ...                                              
                                                  
l.119 \[A]resta ac\[
                    B]canto a \[E]me.
Your command was ignored.
Type  I <command> <return>  to replace it with another command,
or  <return>  to continue without it.


! LaTeX Error: Bad math environment delimiter.

See the LaTeX manual or LaTeX Companion for explanation.
Type  H <return>  for immediate help.
 ...                                              
                                                  
l.119 \[A]resta ac\[B]canto a \[
                                E]me.
Your command was ignored.
Type  I <command> <return>  to replace it with another command,
or  <return>  to continue without it.

! Missing $ inserted.
<inserted text> 
                $
l.120 
      
I've inserted a begin-math/end-math symbol since I think
you left one out. Proceed, with fingers crossed.

! Display math should end with $$.
<to be read again> 
                   \par 
l.120 
      
The `$' that I just saw supposedly matches a previous `$$'.
So I shall assume that you typed `$$' both times.


Overfull \hbox (259.67058pt too wide) detected at line 120
\OML/cmm/m/it/10 E\OT1/cmr/m/n/10 ]\OML/cmm/m/it/10 OraB\OT1/cmr/m/n/10 ]\OML/c
mm/m/it/10 vadoA\OT1/cmr/m/n/10 ]\OML/cmm/m/it/10 sullamiaE\OT1/cmr/m/n/10 ]\OM
L/cmm/m/it/10 stradaA\OT1/cmr/m/n/10 ]\OML/cmm/m/it/10 restaacB\OT1/cmr/m/n/10 
]\OML/cmm/m/it/10 cantoaE\OT1/cmr/m/n/10 ]\OML/cmm/m/it/10 me:
 []

! Undefined control sequence.
l.121 \endchorus
                  %oppure \endverse
The control sequence at the end of the top line
of your error message was never \def'ed. If you have
misspelled it (e.g., `\hobx'), type `I' and the correct
spelling (e.g., `I\hbox'). Otherwise just continue,
and I'll forget about whatever was undefined.

! Undefined control sequence.
l.126 \endsong
              
The control sequence at the end of the top line
of your error message was never \def'ed. If you have
misspelled it (e.g., `\hobx'), type `I' and the correct
spelling (e.g., `I\hbox'). Otherwise just continue,
and I'll forget about whatever was undefined.

)
! Emergency stop.
<*> ./resta_accanto_a_me.tex
                            
*** (job aborted, no legal \end found)

 
Here is how much of TeX's memory you used:
 11 strings out of 492995
 241 string characters out of 6136402
 56074 words of memory out of 5000000
 3663 multiletter control sequences out of 15000+600000
 3948 words of font info for 15 fonts, out of 8000000 for 9000
 1141 hyphenation exceptions out of 8191
 18i,2n,12p,264b,67s stack positions out of 5000i,500n,10000p,200000b,80000s
!  ==> Fatal error occurred, no output PDF file produced!
